echo auto-generated by afni_proc.py, Tue Oct 20 15:35:24 2015
auto-generated by afni_proc.py, Tue Oct 20 15:35:24 2015
echo (version 4.27, January 15, 2015)
(version 4.27, January 15, 2015)
echo execution started: `date`
date
execution started: Tue Oct 20 15:35:24 BRST 2015
afni -ver
Precompiled binary linux_openmp_64: Jan 26 2015 (Version AFNI_2011_12_21_1014)
afni_history -check_date 7 Nov 2014
-- is current: afni_history as new as: 07 Nov 2014
               most recent entry is:   26 Jan 2015
if ( 0 ) then
if ( 0 > 0 ) then
set subj = FAC005
endif
set output_dir = PROC.ON_OFF
if ( -d PROC.ON_OFF ) then
set runs = ( `count -digits 2 1 6` )
count -digits 2 1 6
mkdir PROC.ON_OFF
mkdir PROC.ON_OFF/stimuli
cp /media/DATA/FACEBOOK/SCRIPTS/timing/ON_OFF/timing_ON_ALTRUISMO.1D /media/DATA/FACEBOOK/SCRIPTS/timing/ON_OFF/timing_ON_AMIZADE.1D /media/DATA/FACEBOOK/SCRIPTS/timing/ON_OFF/timing_ON_EGOISMO.1D /media/DATA/FACEBOOK/SCRIPTS/timing/ON_OFF/timing_ON_HONESTIDADE.1D /media/DATA/FACEBOOK/SCRIPTS/timing/ON_OFF/timing_ON_PRECONCEITO.1D /media/DATA/FACEBOOK/SCRIPTS/timing/ON_OFF/timing_ON_PRIVACIDADE.1D /media/DATA/FACEBOOK/SCRIPTS/timing/ON_OFF/timing_ON_SEXO.1D /media/DATA/FACEBOOK/SCRIPTS/timing/ON_OFF/timing_ON_TRAICAO.1D /media/DATA/FACEBOOK/SCRIPTS/timing/ON_OFF/timing_OFF_ALTRUISMO.1D /media/DATA/FACEBOOK/SCRIPTS/timing/ON_OFF/timing_OFF_AMIZADE.1D /media/DATA/FACEBOOK/SCRIPTS/timing/ON_OFF/timing_OFF_EGOISMO.1D /media/DATA/FACEBOOK/SCRIPTS/timing/ON_OFF/timing_OFF_HONESTIDADE.1D /media/DATA/FACEBOOK/SCRIPTS/timing/ON_OFF/timing_OFF_PRECONCEITO.1D /media/DATA/FACEBOOK/SCRIPTS/timing/ON_OFF/timing_OFF_PRIVACIDADE.1D /media/DATA/FACEBOOK/SCRIPTS/timing/ON_OFF/timing_OFF_SEXO.1D /media/DATA/FACEBOOK/SCRIPTS/timing/ON_OFF/timing_OFF_TRAICAO.1D PROC.ON_OFF/stimuli
3dcopy ANAT/FAC005.ANAT.nii.gz PROC.ON_OFF/FAC005.ANAT
++ 3dcopy: AFNI version=AFNI_2011_12_21_1014 (Jan 26 2015) [64-bit]
3dTcat -prefix PROC.ON_OFF/pb00.FAC005.r01.tcat ON1/FAC005.ON1.nii.gz[3..$]
++ 3dTcat: AFNI version=AFNI_2011_12_21_1014 (Jan 26 2015) [64-bit]
3dTcat -prefix PROC.ON_OFF/pb00.FAC005.r02.tcat ON2/FAC005.ON2.nii.gz[3..$]
++ 3dTcat: AFNI version=AFNI_2011_12_21_1014 (Jan 26 2015) [64-bit]
3dTcat -prefix PROC.ON_OFF/pb00.FAC005.r03.tcat ON3/FAC005.ON3.nii.gz[3..$]
++ 3dTcat: AFNI version=AFNI_2011_12_21_1014 (Jan 26 2015) [64-bit]
3dTcat -prefix PROC.ON_OFF/pb00.FAC005.r04.tcat OFF1/FAC005.OFF1.nii.gz[3..$]
++ 3dTcat: AFNI version=AFNI_2011_12_21_1014 (Jan 26 2015) [64-bit]
3dTcat -prefix PROC.ON_OFF/pb00.FAC005.r05.tcat OFF2/FAC005.OFF2.nii.gz[3..$]
++ 3dTcat: AFNI version=AFNI_2011_12_21_1014 (Jan 26 2015) [64-bit]
3dTcat -prefix PROC.ON_OFF/pb00.FAC005.r06.tcat OFF3/FAC005.OFF3.nii.gz[3..$]
++ 3dTcat: AFNI version=AFNI_2011_12_21_1014 (Jan 26 2015) [64-bit]
set tr_counts = ( 53 53 53 53 53 53 )
cd PROC.ON_OFF
3dUnifize -prefix FAC005.ANAT_unif FAC005.ANAT+orig
++ 3dUnifize: AFNI version=AFNI_2011_12_21_1014 (Jan 26 2015) [64-bit]
 + Pre-processing: ADV...............................................UW
++ Output dataset ./FAC005.ANAT_unif+orig.BRIK
++ ===== Elapsed = 355.5 sec
touch out.pre_ss_warn.txt
foreach run ( 01 02 03 04 05 06 )
3dToutcount -automask -fraction -polort 1 -legendre pb00.FAC005.r01.tcat+orig
++ 3dToutcount: AFNI version=AFNI_2011_12_21_1014 (Jan 26 2015) [64-bit]
++ 33377 voxels passed mask/clip
1deval -a outcount.r01.1D -expr 1-step(a-0.1)
if ( `1deval -a outcount.r$run.1D"{0}" -expr "step(a-0.4)"` ) then
1deval -a outcount.r01.1D{0} -expr step(a-0.4)
end
3dToutcount -automask -fraction -polort 1 -legendre pb00.FAC005.r02.tcat+orig
++ 3dToutcount: AFNI version=AFNI_2011_12_21_1014 (Jan 26 2015) [64-bit]
++ 33560 voxels passed mask/clip
1deval -a outcount.r02.1D -expr 1-step(a-0.1)
if ( `1deval -a outcount.r$run.1D"{0}" -expr "step(a-0.4)"` ) then
1deval -a outcount.r02.1D{0} -expr step(a-0.4)
end
3dToutcount -automask -fraction -polort 1 -legendre pb00.FAC005.r03.tcat+orig
++ 3dToutcount: AFNI version=AFNI_2011_12_21_1014 (Jan 26 2015) [64-bit]
++ 33671 voxels passed mask/clip
1deval -a outcount.r03.1D -expr 1-step(a-0.1)
if ( `1deval -a outcount.r$run.1D"{0}" -expr "step(a-0.4)"` ) then
1deval -a outcount.r03.1D{0} -expr step(a-0.4)
end
3dToutcount -automask -fraction -polort 1 -legendre pb00.FAC005.r04.tcat+orig
++ 3dToutcount: AFNI version=AFNI_2011_12_21_1014 (Jan 26 2015) [64-bit]
++ 33357 voxels passed mask/clip
1deval -a outcount.r04.1D -expr 1-step(a-0.1)
if ( `1deval -a outcount.r$run.1D"{0}" -expr "step(a-0.4)"` ) then
1deval -a outcount.r04.1D{0} -expr step(a-0.4)
end
3dToutcount -automask -fraction -polort 1 -legendre pb00.FAC005.r05.tcat+orig
++ 3dToutcount: AFNI version=AFNI_2011_12_21_1014 (Jan 26 2015) [64-bit]
++ 33562 voxels passed mask/clip
1deval -a outcount.r05.1D -expr 1-step(a-0.1)
if ( `1deval -a outcount.r$run.1D"{0}" -expr "step(a-0.4)"` ) then
1deval -a outcount.r05.1D{0} -expr step(a-0.4)
end
3dToutcount -automask -fraction -polort 1 -legendre pb00.FAC005.r06.tcat+orig
++ 3dToutcount: AFNI version=AFNI_2011_12_21_1014 (Jan 26 2015) [64-bit]
++ 33722 voxels passed mask/clip
1deval -a outcount.r06.1D -expr 1-step(a-0.1)
if ( `1deval -a outcount.r$run.1D"{0}" -expr "step(a-0.4)"` ) then
1deval -a outcount.r06.1D{0} -expr step(a-0.4)
end
cat outcount.r01.1D outcount.r02.1D outcount.r03.1D outcount.r04.1D outcount.r05.1D outcount.r06.1D
cat rm.out.cen.r01.1D rm.out.cen.r02.1D rm.out.cen.r03.1D rm.out.cen.r04.1D rm.out.cen.r05.1D rm.out.cen.r06.1D
foreach run ( 01 02 03 04 05 06 )
3dDespike -NEW -nomask -prefix pb01.FAC005.r01.despike pb00.FAC005.r01.tcat+orig
++ 3dDespike: AFNI version=AFNI_2011_12_21_1014 (Jan 26 2015) [64-bit]
++ Authored by: RW Cox
++ Input data type = short
++ ignoring first 0 time points, using last 53
++ using 53 time points => -corder 2
++ Loading dataset pb00.FAC005.r01.tcat+orig
++ processing all 118784 voxels in dataset
++ Procesing time series with NEW model fit algorithm
++ smash edit thresholds: 3.1 .. 5.0 MADs
 +   [ 3.457% .. 0.072% of normal distribution]
 +   [ 8.839% .. 3.125% of Laplace distribution]
++ 29 slices to process
++ start OpenMP thread #0
++ start OpenMP thread #4
++ start OpenMP thread #2
++ start OpenMP thread #6
.++ start OpenMP thread #7
.++ start OpenMP thread #1
..++ start OpenMP thread #3
++ start OpenMP thread #5
...............................................
++ Elapsed despike time =  804ms

++ FINAL: 5643546 data points, 285459 edits [5.058%], 54467 big edits [0.965%]
++ Output dataset ./pb01.FAC005.r01.despike+orig.BRIK
end
3dDespike -NEW -nomask -prefix pb01.FAC005.r02.despike pb00.FAC005.r02.tcat+orig
++ 3dDespike: AFNI version=AFNI_2011_12_21_1014 (Jan 26 2015) [64-bit]
++ Authored by: RW Cox
++ Input data type = short
++ ignoring first 0 time points, using last 53
++ using 53 time points => -corder 2
++ Loading dataset pb00.FAC005.r02.tcat+orig
++ processing all 118784 voxels in dataset
++ Procesing time series with NEW model fit algorithm
++ smash edit thresholds: 3.1 .. 5.0 MADs
 +   [ 3.457% .. 0.072% of normal distribution]
 +   [ 8.839% .. 3.125% of Laplace distribution]
++ 29 slices to process
++ start OpenMP thread #0
++ start OpenMP thread #3
++ start OpenMP thread #6
++ start OpenMP thread #5
.++ start OpenMP thread #4
.++ start OpenMP thread #7
...++ start OpenMP thread #1
++ start OpenMP thread #2
..............................................
++ Elapsed despike time =  781ms

++ FINAL: 5641373 data points, 267879 edits [4.748%], 47638 big edits [0.844%]
++ Output dataset ./pb01.FAC005.r02.despike+orig.BRIK
end
3dDespike -NEW -nomask -prefix pb01.FAC005.r03.despike pb00.FAC005.r03.tcat+orig
++ 3dDespike: AFNI version=AFNI_2011_12_21_1014 (Jan 26 2015) [64-bit]
++ Authored by: RW Cox
++ Input data type = short
++ ignoring first 0 time points, using last 53
++ using 53 time points => -corder 2
++ Loading dataset pb00.FAC005.r03.tcat+orig
++ processing all 118784 voxels in dataset
++ Procesing time series with NEW model fit algorithm
++ smash edit thresholds: 3.1 .. 5.0 MADs
 +   [ 3.457% .. 0.072% of normal distribution]
 +   [ 8.839% .. 3.125% of Laplace distribution]
++ 29 slices to process
++ start OpenMP thread #4
++ start OpenMP thread #0
++ start OpenMP thread #6
++ start OpenMP thread #1
.++ start OpenMP thread #2
..++ start OpenMP thread #7
.++ start OpenMP thread #3
++ start OpenMP thread #5
...............................................
++ Elapsed despike time =  819ms

++ FINAL: 5641744 data points, 309704 edits [5.490%], 85853 big edits [1.522%]
++ Output dataset ./pb01.FAC005.r03.despike+orig.BRIK
end
3dDespike -NEW -nomask -prefix pb01.FAC005.r04.despike pb00.FAC005.r04.tcat+orig
++ 3dDespike: AFNI version=AFNI_2011_12_21_1014 (Jan 26 2015) [64-bit]
++ Authored by: RW Cox
++ Input data type = short
++ ignoring first 0 time points, using last 53
++ using 53 time points => -corder 2
++ Loading dataset pb00.FAC005.r04.tcat+orig
++ processing all 118784 voxels in dataset
++ Procesing time series with NEW model fit algorithm
++ smash edit thresholds: 3.1 .. 5.0 MADs
 +   [ 3.457% .. 0.072% of normal distribution]
 +   [ 8.839% .. 3.125% of Laplace distribution]
++ 29 slices to process
++ start OpenMP thread #7
++ start OpenMP thread #4
++ start OpenMP thread #1
++ start OpenMP thread #0
...++ start OpenMP thread #3
++ start OpenMP thread #6
++ start OpenMP thread #2
++ start OpenMP thread #5
................................................
++ Elapsed despike time =  759ms

++ FINAL: 5638670 data points, 232808 edits [4.129%], 19686 big edits [0.349%]
++ Output dataset ./pb01.FAC005.r04.despike+orig.BRIK
end
3dDespike -NEW -nomask -prefix pb01.FAC005.r05.despike pb00.FAC005.r05.tcat+orig
++ 3dDespike: AFNI version=AFNI_2011_12_21_1014 (Jan 26 2015) [64-bit]
++ Authored by: RW Cox
++ Input data type = short
++ ignoring first 0 time points, using last 53
++ using 53 time points => -corder 2
++ Loading dataset pb00.FAC005.r05.tcat+orig
++ processing all 118784 voxels in dataset
++ Procesing time series with NEW model fit algorithm
++ smash edit thresholds: 3.1 .. 5.0 MADs
 +   [ 3.457% .. 0.072% of normal distribution]
 +   [ 8.839% .. 3.125% of Laplace distribution]
++ 29 slices to process
++ start OpenMP thread #0
++ start OpenMP thread #2
++ start OpenMP thread #5
++ start OpenMP thread #1
++ start OpenMP thread #7
...++ start OpenMP thread #6
++ start OpenMP thread #3
++ start OpenMP thread #4
................................................
++ Elapsed despike time =  778ms

++ FINAL: 5640684 data points, 277057 edits [4.912%], 54275 big edits [0.962%]
++ Output dataset ./pb01.FAC005.r05.despike+orig.BRIK
end
3dDespike -NEW -nomask -prefix pb01.FAC005.r06.despike pb00.FAC005.r06.tcat+orig
++ 3dDespike: AFNI version=AFNI_2011_12_21_1014 (Jan 26 2015) [64-bit]
++ Authored by: RW Cox
++ Input data type = short
++ ignoring first 0 time points, using last 53
++ using 53 time points => -corder 2
++ Loading dataset pb00.FAC005.r06.tcat+orig
++ processing all 118784 voxels in dataset
++ Procesing time series with NEW model fit algorithm
++ smash edit thresholds: 3.1 .. 5.0 MADs
 +   [ 3.457% .. 0.072% of normal distribution]
 +   [ 8.839% .. 3.125% of Laplace distribution]
++ 29 slices to process
++ start OpenMP thread #4
++ start OpenMP thread #0
++ start OpenMP thread #1
++ start OpenMP thread #7
++ start OpenMP thread #5
.++ start OpenMP thread #6
.......++ start OpenMP thread #3
++ start OpenMP thread #2
...........................................
++ Elapsed despike time =  851ms

++ FINAL: 5641055 data points, 276085 edits [4.894%], 52054 big edits [0.923%]
++ Output dataset ./pb01.FAC005.r06.despike+orig.BRIK
end
foreach run ( 01 02 03 04 05 06 )
3dTshift -tzero 0 -quintic -prefix pb02.FAC005.r01.tshift -tpattern alt+z pb01.FAC005.r01.despike+orig
++ 3dTshift: AFNI version=AFNI_2011_12_21_1014 (Jan 26 2015) [64-bit]
end
3dTshift -tzero 0 -quintic -prefix pb02.FAC005.r02.tshift -tpattern alt+z pb01.FAC005.r02.despike+orig
++ 3dTshift: AFNI version=AFNI_2011_12_21_1014 (Jan 26 2015) [64-bit]
end
3dTshift -tzero 0 -quintic -prefix pb02.FAC005.r03.tshift -tpattern alt+z pb01.FAC005.r03.despike+orig
++ 3dTshift: AFNI version=AFNI_2011_12_21_1014 (Jan 26 2015) [64-bit]
end
3dTshift -tzero 0 -quintic -prefix pb02.FAC005.r04.tshift -tpattern alt+z pb01.FAC005.r04.despike+orig
++ 3dTshift: AFNI version=AFNI_2011_12_21_1014 (Jan 26 2015) [64-bit]
end
3dTshift -tzero 0 -quintic -prefix pb02.FAC005.r05.tshift -tpattern alt+z pb01.FAC005.r05.despike+orig
++ 3dTshift: AFNI version=AFNI_2011_12_21_1014 (Jan 26 2015) [64-bit]
end
3dTshift -tzero 0 -quintic -prefix pb02.FAC005.r06.tshift -tpattern alt+z pb01.FAC005.r06.despike+orig
++ 3dTshift: AFNI version=AFNI_2011_12_21_1014 (Jan 26 2015) [64-bit]
end
align_epi_anat.py -anat2epi -anat FAC005.ANAT_unif+orig -save_skullstrip -suffix _al_junk -epi pb02.FAC005.r01.tshift+orig -epi_base 0 -epi_strip 3dAutomask -skullstrip_opts -shrink_fac_bot_lim 0.8 -no_pushout -volreg off -tshift off
#++ align_epi_anat version: 1.48
#++ turning off volume registration
#Script is running (command trimmed):
  3dAttribute DELTA ./pb02.FAC005.r01.tshift+orig
#Script is running (command trimmed):
  3dAttribute DELTA ./pb02.FAC005.r01.tshift+orig
#Script is running (command trimmed):
  3dAttribute DELTA ./FAC005.ANAT_unif+orig
#++ Multi-cost is lpc
#++ Removing all the temporary files
#Script is running:
  \rm -f ./__tt_pb02.FAC005.r01.tshift*
#Script is running:
  \rm -f ./__tt_FAC005.ANAT_unif*
#Script is running (command trimmed):
  3dcopy ./FAC005.ANAT_unif+orig ./__tt_FAC005.ANAT_unif+orig
++ 3dcopy: AFNI version=AFNI_2011_12_21_1014 (Jan 26 2015) [64-bit]
#++ Removing skull from anat data
#Script is running (command trimmed):
  3dSkullStrip -orig_vol -shrink_fac_bot_lim 0.8 -no_pushout -input ./__tt_FAC005.ANAT_unif+orig -prefix ./__tt_FAC005.ANAT_unif_ns
#Script is running (command trimmed):
  3dinfo ./__tt_FAC005.ANAT_unif_ns+orig | \grep 'Data Axes Tilt:'|\grep 'Oblique'
#++ Dataset /media/DATA/FACEBOOK/FAC005/visit1/PROC.ON_OFF/__tt_FAC005.ANAT_unif_ns+orig is not oblique
#Script is running (command trimmed):
  3dinfo ./pb02.FAC005.r01.tshift+orig | \grep 'Data Axes Tilt:'|\grep 'Oblique'
#++ Dataset /media/DATA/FACEBOOK/FAC005/visit1/PROC.ON_OFF/pb02.FAC005.r01.tshift+orig is ***oblique****
#Script is running (command trimmed):
  3dAttribute DELTA ./__tt_FAC005.ANAT_unif_ns+orig
#++ Spacing for anat to oblique epi alignment is 0.468800
#++ Matching obliquity of anat to epi
#Script is running (command trimmed):
  3dWarp -verb -card2oblique ./pb02.FAC005.r01.tshift+orig -prefix ./__tt_FAC005.ANAT_unif_ns_ob -newgrid 0.468800 ./__tt_FAC005.ANAT_unif_ns+orig | \grep -A 4 '# mat44 Obliquity Transformation ::' > ./__tt_FAC005.ANAT_unif_ns_obla2e_mat.1D
++ 3dWarp: AFNI version=AFNI_2011_12_21_1014 (Jan 26 2015) [64-bit]
++ Authored by: RW Cox
#++ Creating representative epi sub-brick
#Script is running (command trimmed):
  3dbucket -prefix ./__tt_pb02.FAC005.r01.tshift_ts ./pb02.FAC005.r01.tshift+orig'[0]'
++ 3dbucket: AFNI version=AFNI_2011_12_21_1014 (Jan 26 2015) [64-bit]
#++ resampling epi to match anat data
#Script is running (command trimmed):
  3dresample -master ./__tt_FAC005.ANAT_unif_ns_ob+orig -prefix ./__tt_pb02.FAC005.r01.tshift_ts_rs -inset ./__tt_pb02.FAC005.r01.tshift_ts+orig'' -rmode Cu
#++ removing skull or area outside brain
#Script is running (command trimmed):
  3dAutomask -apply_prefix ./__tt_pb02.FAC005.r01.tshift_ts_rs_ns ./__tt_pb02.FAC005.r01.tshift_ts_rs+orig
++ 3dAutomask: AFNI version=AFNI_2011_12_21_1014 (Jan 26 2015) [64-bit]
++ Authored by: Emperor Zhark
++ Loading dataset ./__tt_pb02.FAC005.r01.tshift_ts_rs+orig
++ Forming automask
 + Fixed clip level = 1268.131958
 + Used gradual clip level = 1039.258057 .. 1435.915649
 + Number voxels above clip level = 14123037
 + Clustering voxels ...
 + Largest cluster has 13848455 voxels
 + Clustering voxels ...
 + Largest cluster has 13844422 voxels
 + Filled  1490 voxels in small holes; now have 13845912 voxels
 + Filled 354452 voxels in large holes; now have 14200364 voxels
 + Clustering voxels ...
 + Largest cluster has 14200323 voxels
 + Clustering non-brain voxels ...
 + Clustering voxels ...
 + Largest cluster has 104206845 voxels
 + Mask now has 14200323 voxels
++ 14200323 voxels in the mask [out of 118407168: 11.99%]
++ first 101 x-planes are zero [from R]
++ last   82 x-planes are zero [from L]
++ first  89 y-planes are zero [from A]
++ last   53 y-planes are zero [from P]
++ first 133 z-planes are zero [from I]
++ last   82 z-planes are zero [from S]
++ applying mask to original data
++ Writing masked data
++ CPU time = 0.000000 sec
#++ Computing weight mask
#Script is running (command trimmed):
  3dBrickStat -automask -percentile 90.000000 1 90.000000 ./__tt_pb02.FAC005.r01.tshift_ts_rs_ns+orig
#++ Applying threshold of 3380.000000 on /media/DATA/FACEBOOK/FAC005/visit1/PROC.ON_OFF/__tt_pb02.FAC005.r01.tshift_ts_rs_ns+orig
#Script is running (command trimmed):
  3dcalc -datum float -prefix ./__tt_pb02.FAC005.r01.tshift_ts_rs_ns_wt -a ./__tt_pb02.FAC005.r01.tshift_ts_rs_ns+orig -expr 'min(1,(a/3380.000000))'
++ 3dcalc: AFNI version=AFNI_2011_12_21_1014 (Jan 26 2015) [64-bit]
++ Authored by: A cast of thousands
#++ Aligning anat data to epi data
#Script is running (command trimmed):
  3dAllineate -lpc -wtprefix ./__tt_FAC005.ANAT_unif_ns_ob_al_junk_wtal -weight ./__tt_pb02.FAC005.r01.tshift_ts_rs_ns_wt+orig -source ./__tt_FAC005.ANAT_unif_ns_ob+orig -prefix ./__tt_FAC005.ANAT_unif_ns_ob_temp_al_junk -base ./__tt_pb02.FAC005.r01.tshift_ts_rs_ns+orig -nocmass -1Dmatrix_save ./FAC005.ANAT_unif_al_junk_e2a_only_mat.aff12.1D -master SOURCE -weight_frac 1.0 -maxrot 6 -maxshf 10 -VERB -warp aff -source_automask+4 -onepass 
++ 3dAllineate: AFNI version=AFNI_2011_12_21_1014 (Jan 26 2015) [64-bit]
++ Authored by: Zhark the Registrator
++ Source dataset: ./__tt_FAC005.ANAT_unif_ns_ob+orig.HEAD
++ Base dataset:   ./__tt_pb02.FAC005.r01.tshift_ts_rs_ns+orig.HEAD
++ Loading datasets
++ 17062623 voxels in -source_automask+4
++ Zero-pad: not needed
++ 14197540 voxels [12.0%] in weight mask
++ Number of points for matching = 14197540
++ Local correlation: blok type = 'RHDD(6.54321)'
++ shift param auto-range: -76.9..76.9 -79.3..79.3 -65.8..65.8
 + Range param#4 [z-angle] = -6.000000 .. 6.000000
 + Range param#5 [x-angle] = -6.000000 .. 6.000000
 + Range param#6 [y-angle] = -6.000000 .. 6.000000
 + Range param#1 [x-shift] = -10.000000 .. 10.000000
 + Range param#2 [y-shift] = -10.000000 .. 10.000000
 + Range param#3 [z-shift] = -10.000000 .. 10.000000
 + 12 free parameters
++ Normalized convergence radius = 0.001000
++ OpenMP thread count = 8
++ ======= Allineation of 1 sub-bricks using Local Pearson Correlation Signed =======
++ ========== sub-brick #0 ========== [total CPU to here=0.0 s]
++ *** Fine pass begins ***
 + * Enter alignment setup routine
 + - copying base image
 + - copying source image
 + - copying weight image
 + - using 14197540 points from base image [use_all=0]
 + * Exit alignment setup routine
 + 13602655 total points stored in 2644 'RHDD(6.54321)' bloks
 + - Initial  cost = -0.165050
 + - Initial fine Parameters = 0.0000 0.0000 0.0000 0.0000 0.0000 0.0000 1.0000 1.0000 1.0000 0.0000 0.0000 0.0000
**************************************************************************************************
 + - Finalish cost = -0.304208 ; 324 funcs
 + - Final    cost = -0.304208 ; 86 funcs
 + Final fine fit Parameters:
       x-shift=-1.9275   y-shift= 1.4184   z-shift=-0.8413
       z-angle=-1.1216   x-angle=-1.9478   y-angle=-0.9998
       x-scale= 0.9877   y-scale= 0.9780   z-scale= 0.9877
     y/x-shear=-0.0263 z/x-shear= 0.0280 z/y-shear=-0.0041
 + - Fine net CPU time = 0.0 s
++ Computing output image
++ image warp: parameters = -1.9275 1.4184 -0.8413 -1.1216 -1.9478 -0.9998 0.9877 0.9780 0.9877 -0.0263 0.0280 -0.0041
++ Wrote -1Dmatrix_save ./FAC005.ANAT_unif_al_junk_e2a_only_mat.aff12.1D
++ 3dAllineate: total CPU time = 0.0 sec  Elapsed = 1246.6
++ ###########################################################
++ ### Please check results visually for alignment quality ###
++ ###########################################################
#Script is running (command trimmed):
  cat_matvec -ONELINE ./FAC005.ANAT_unif_al_junk_e2a_only_mat.aff12.1D ./__tt_FAC005.ANAT_unif_ns_obla2e_mat.1D -I > ./FAC005.ANAT_unif_al_junk_mat.aff12.1D
#++ Combining anat to epi and oblique transformations
#Script is running (command trimmed):
  3dAllineate -base ./__tt_pb02.FAC005.r01.tshift_ts_rs_ns+orig -1Dmatrix_apply ./FAC005.ANAT_unif_al_junk_mat.aff12.1D -prefix ./FAC005.ANAT_unif_al_junk -input ./__tt_FAC005.ANAT_unif_ns+orig -master SOURCE -weight_frac 1.0 -maxrot 6 -maxshf 10 -VERB -warp aff -source_automask+4 -onepass 
++ 3dAllineate: AFNI version=AFNI_2011_12_21_1014 (Jan 26 2015) [64-bit]
++ Authored by: Zhark the Registrator
++ Source dataset: ./__tt_FAC005.ANAT_unif_ns+orig.HEAD
++ Base dataset:   ./__tt_pb02.FAC005.r01.tshift_ts_rs_ns+orig.HEAD
++ Loading datasets
++ NOTE: base and source coordinate systems have different handedness
 +       Orientations: base=Right handed (RAI); source=Left handed (RPI)
 + Range param#4 [z-angle] = -6.000000 .. 6.000000
 + Range param#5 [x-angle] = -6.000000 .. 6.000000
 + Range param#6 [y-angle] = -6.000000 .. 6.000000
 + Range param#1 [x-shift] = -10.000000 .. 10.000000
 + Range param#2 [y-shift] = -10.000000 .. 10.000000
 + Range param#3 [z-shift] = -10.000000 .. 10.000000
++ OpenMP thread count = 8
++ ========== Applying transformation to 1 sub-bricks ==========
++ ========== sub-brick #0 ========== [total CPU to here=0.0 s]
 + * Enter alignment setup routine
 + - copying base image
 + - copying source image
 + - no weight image
 + - using 11 points from base image [use_all=0]
 + * Exit alignment setup routine
++ using -1Dmatrix_apply
++ Computing output image
++ image warp: parameters = 0.9873 0.0187 0.0367 -6.6538 0.0064 0.9782 -0.0107 -0.1587 0.0053 0.0042 0.9882 0.9193
++ 3dAllineate: total CPU time = 0.0 sec  Elapsed = 216.4
++ ###########################################################
#++ Creating final output: skullstripped anat data
#Script is running (command trimmed):
  3dcopy ./__tt_FAC005.ANAT_unif_ns+orig FAC005.ANAT_unif_ns
++ 3dcopy: AFNI version=AFNI_2011_12_21_1014 (Jan 26 2015) [64-bit]
#++ Creating final output: anat data aligned to epi
# copy is not necessary
#++ Saving history
#Script is running (command trimmed):
  3dNotes -h "align_epi_anat.py -anat2epi -anat FAC005.ANAT_unif+orig \
 -save_skullstrip -suffix _al_junk -epi pb02.FAC005.r01.tshift+orig \
 -epi_base 0 -epi_strip 3dAutomask -skullstrip_opts -shrink_fac_bot_lim \
 0.8 -no_pushout -volreg off -tshift off" \
 ./FAC005.ANAT_unif_al_junk+orig

#++ Removing all the temporary files
#Script is running:
  \rm -f ./__tt_pb02.FAC005.r01.tshift*
#Script is running:
  \rm -f ./__tt_FAC005.ANAT_unif*

# Finished alignment successfully

auto_warp.py -base MNI152_T1_2009c+tlrc -input FAC005.ANAT_unif_ns+orig -skull_strip_input no -unifize_input no
#++ auto_warp.py version: 0.02
# Output directory /media/DATA/FACEBOOK/FAC005/visit1/PROC.ON_OFF/awpy/
#Script is running:
  mkdir /media/DATA/FACEBOOK/FAC005/visit1/PROC.ON_OFF/awpy/
cd /media/DATA/FACEBOOK/FAC005/visit1/PROC.ON_OFF/awpy/
#Script is running (command trimmed):
  3dcopy /media/DATA/FACEBOOK/FAC005/visit1/PROC.ON_OFF/FAC005.ANAT_unif_ns+orig ./anat.nii
++ 3dcopy: AFNI version=AFNI_2011_12_21_1014 (Jan 26 2015) [64-bit]
#Script is running (command trimmed):
  3dcopy /abin/linux_openmp_64/MNI152_T1_2009c+tlrc ./base.nii
++ 3dcopy: AFNI version=AFNI_2011_12_21_1014 (Jan 26 2015) [64-bit]
#++ Aligning /media/DATA/FACEBOOK/FAC005/visit1/PROC.ON_OFF/awpy/base.nii data to /media/DATA/FACEBOOK/FAC005/visit1/PROC.ON_OFF/awpy/anat.nii data
#Script is running (command trimmed):
  @auto_tlrc -base ./base.nii -input ./anat.nii -suffix .aff -no_ss -no_pre -init_xform CENTER 
Copying NIFTI volume to ./anat_XYZ_OYmeqfZ3JqF7n9LNC7gDAA
++ 3dcopy: AFNI version=AFNI_2011_12_21_1014 (Jan 26 2015) [64-bit]

Performing center alignment with @Align_Centers

++ 3dcopy: AFNI version=AFNI_2011_12_21_1014 (Jan 26 2015) [64-bit]
++ 3drefit: AFNI version=AFNI_2011_12_21_1014 (Jan 26 2015) [64-bit]
++ Authored by: RW Cox
++ Processing AFNI dataset ./anat_XYZ_OYmeqfZ3JqF7n9LNC7gDAA_shft+orig
++ 3drefit processed 1 datasets
++ 3drename: AFNI version=AFNI_2011_12_21_1014 (Jan 26 2015) [64-bit]
++ THD_rename_dataset_files: rename anat_XYZ_OYmeqfZ3JqF7n9LNC7gDAA_shft+orig.HEAD -> __ats_tmp__anat_XYZ_OYmeqfZ3JqF7n9LNC7gDAA_shft+orig.HEAD
++ THD_rename_dataset_files: rename anat_XYZ_OYmeqfZ3JqF7n9LNC7gDAA_shft+orig.BRIK.gz -> __ats_tmp__anat_XYZ_OYmeqfZ3JqF7n9LNC7gDAA_shft+orig.BRIK.gz
** THD_rename_dataset_files: old header anat_XYZ_OYmeqfZ3JqF7n9LNC7gDAA_shft+acpc.HEAD doesn't exist!
** THD_rename_dataset_files: old header anat_XYZ_OYmeqfZ3JqF7n9LNC7gDAA_shft+tlrc.HEAD doesn't exist!
++ 3dWarp: AFNI version=AFNI_2011_12_21_1014 (Jan 26 2015) [64-bit]
++ Authored by: RW Cox
Center distance of 0.000011 mm
Padding ...
++ 3dZeropad: AFNI version=AFNI_2011_12_21_1014 (Jan 26 2015) [64-bit]
++ output dataset: ./__ats_tmp__ref_base.nii_40pad+tlrc.BRIK
Resampling ...
++ 3dcalc: AFNI version=AFNI_2011_12_21_1014 (Jan 26 2015) [64-bit]
++ Authored by: A cast of thousands
++ 3dcalc: AFNI version=AFNI_2011_12_21_1014 (Jan 26 2015) [64-bit]
++ Authored by: A cast of thousands
Clipping -0.000100 2972.180100 ...
++ 3dcalc: AFNI version=AFNI_2011_12_21_1014 (Jan 26 2015) [64-bit]
++ Authored by: A cast of thousands
++ 3drefit: AFNI version=AFNI_2011_12_21_1014 (Jan 26 2015) [64-bit]
++ Authored by: RW Cox
++ Processing AFNI dataset __ats_tmp___rs_pre.anat_XYZ_OYmeqfZ3JqF7n9LNC7gDAA+tlrc.HEAD
 + Changed dataset view type and filenames.
++ 3drefit processed 1 datasets
++ 3drefit: AFNI version=AFNI_2011_12_21_1014 (Jan 26 2015) [64-bit]
++ Authored by: RW Cox
++ Processing AFNI dataset __ats_tmp__resamp_NN+tlrc.HEAD
 + Changed dataset view type and filenames.
++ 3drefit processed 1 datasets
++ 3drefit: AFNI version=AFNI_2011_12_21_1014 (Jan 26 2015) [64-bit]
++ Authored by: RW Cox
++ Processing AFNI dataset __ats_tmp__resamp_edge_art+tlrc.HEAD
 + Changed dataset view type and filenames.
++ 3drefit processed 1 datasets
Registration (linear final interpolation) ...
++ 3dWarpDrive: AFNI version=AFNI_2011_12_21_1014 (Jan 26 2015) [64-bit]
++ Authored by: RW Cox
RMS[0] = 85.0744 52.3444   ITER = 9/137
85.0744

Warping has converged.

++ 3dcopy: AFNI version=AFNI_2011_12_21_1014 (Jan 26 2015) [64-bit]
++ 3dWarp: AFNI version=AFNI_2011_12_21_1014 (Jan 26 2015) [64-bit]
++ Authored by: RW Cox
Applying brain mask
++ 3dcalc: AFNI version=AFNI_2011_12_21_1014 (Jan 26 2015) [64-bit]
++ Authored by: A cast of thousands
++ 3dWarp: AFNI version=AFNI_2011_12_21_1014 (Jan 26 2015) [64-bit]
++ Authored by: RW Cox
++ 3drename: AFNI version=AFNI_2011_12_21_1014 (Jan 26 2015) [64-bit]
++ THD_rename_dataset_files: rename __ats_tmp___pad40_pre.anat_XYZ_OYmeqfZ3JqF7n9LNC7gDAA.aff+orig.HEAD -> __ats_tmp___pad40_pre.anat_XYZ_OYmeqfZ3JqF7n9LNC7gDAA.aff.skl+orig.HEAD
++ THD_rename_dataset_files: rename __ats_tmp___pad40_pre.anat_XYZ_OYmeqfZ3JqF7n9LNC7gDAA.aff+orig.BRIK.gz -> __ats_tmp___pad40_pre.anat_XYZ_OYmeqfZ3JqF7n9LNC7gDAA.aff.skl+orig.BRIK.gz
++ 3dcalc: AFNI version=AFNI_2011_12_21_1014 (Jan 26 2015) [64-bit]
++ Authored by: A cast of thousands
Unpadding ...
++ 3dZeropad: AFNI version=AFNI_2011_12_21_1014 (Jan 26 2015) [64-bit]
++ output dataset: ./__ats_tmp___upad40_pre.anat_XYZ_OYmeqfZ3JqF7n9LNC7gDAA.aff+orig.BRIK
++ 3drefit: AFNI version=AFNI_2011_12_21_1014 (Jan 26 2015) [64-bit]
++ Authored by: RW Cox
++ Processing AFNI dataset __ats_tmp___upad40_pre.anat_XYZ_OYmeqfZ3JqF7n9LNC7gDAA.aff+orig
*+ WARNING: Changing the space of an ORIG view dataset may cause confusion!
*+ WARNING:  NIFTI copies will be interpreted as TLRC view (not TLRC space).
*+ WARNING:  Consider changing the view of the dataset to TLRC view also
++ 3drefit processed 1 datasets
Changing view of transformed anatomy
++ 3drefit: AFNI version=AFNI_2011_12_21_1014 (Jan 26 2015) [64-bit]
++ Authored by: RW Cox
++ Processing AFNI dataset __ats_tmp___upad40_pre.anat_XYZ_OYmeqfZ3JqF7n9LNC7gDAA.aff+orig.HEAD
 + Changed dataset view type and filenames.
++ 3drefit processed 1 datasets
Setting parent with 3drefit -wset ./anat_XYZ_OYmeqfZ3JqF7n9LNC7gDAA+orig.HEAD __ats_tmp___upad40_pre.anat_XYZ_OYmeqfZ3JqF7n9LNC7gDAA.aff+tlrc
++ 3drefit: AFNI version=AFNI_2011_12_21_1014 (Jan 26 2015) [64-bit]
++ Authored by: RW Cox
++ Processing AFNI dataset __ats_tmp___upad40_pre.anat_XYZ_OYmeqfZ3JqF7n9LNC7gDAA.aff+tlrc
++ 3drefit processed 1 datasets
++ 3dAFNItoNIFTI: AFNI version=AFNI_2011_12_21_1014 (Jan 26 2015) [64-bit]
Cleanup ...
++ 3drename: AFNI version=AFNI_2011_12_21_1014 (Jan 26 2015) [64-bit]
++ Warning: ignoring +orig on new_prefix.
++ THD_rename_dataset_files: rename __ats_tmp___rs_pre.anat_XYZ_OYmeqfZ3JqF7n9LNC7gDAA+orig.HEAD -> __ats_tmp___rs_pre.anat+orig.HEAD
++ THD_rename_dataset_files: rename __ats_tmp___rs_pre.anat_XYZ_OYmeqfZ3JqF7n9LNC7gDAA+orig.BRIK.gz -> __ats_tmp___rs_pre.anat+orig.BRIK.gz
++ 3drename: AFNI version=AFNI_2011_12_21_1014 (Jan 26 2015) [64-bit]
++ Warning: ignoring +orig on new_prefix.
++ THD_rename_dataset_files: rename pre.anat_XYZ_OYmeqfZ3JqF7n9LNC7gDAA+orig.HEAD -> pre.anat+orig.HEAD
++ THD_rename_dataset_files: rename pre.anat_XYZ_OYmeqfZ3JqF7n9LNC7gDAA+orig.BRIK.gz -> pre.anat+orig.BRIK.gz
#Script is running (command trimmed):
  3dAttribute DELTA ./anat.aff.nii
#Script is running:
  3dAttribute DELTA /media/DATA/FACEBOOK/FAC005/visit1/PROC.ON_OFF/awpy/base.nii
1.000000 1.000000
#Script is running (command trimmed):
  3dinfo -same_grid ./anat.aff.nii ./base.nii
#++ Aligning /media/DATA/FACEBOOK/FAC005/visit1/PROC.ON_OFF/awpy/base.nii data to /media/DATA/FACEBOOK/FAC005/visit1/PROC.ON_OFF/awpy/anat.aff.nii data
#Script is running (command trimmed):
  3dQwarp -prefix ./anat.aff.qw.nii -blur -3 -3 -workhard:0:1 -base ./base.nii -source ./anat.aff.nii 
++ OpenMP thread count = 8
++ 3dQwarp: AFNI version=AFNI_2011_12_21_1014 (Jan 26 2015) [64-bit]
++ Authored by: Zhark the (Hermite) Cubically Warped
++ Dataset zero-pad: xbot=0 xtop=0  ybot=1 ytop=2  zbot=15 ztop=0 voxels
++ Weightizing the base image
++ +++++++++++ Begin warp optimization:  base=./base.nii  source=./anat.aff.nii
++ AFNI warpomatic start: 193 x 232 x 208 volume ; autobbox = 19..173 21..211 17..179
lev=0 0..192 0..231 0..199: [first cost=-0.69908] ...... done [cost:-0.69908==>-0.78883]
lev=1 patch=145x175x157 [clock= 19m 43s 854ms]........:[cost=-0.80067]:........ done [cost:-0.78883==>-0.80285 ; 16 patches optimized, 0 skipped]
lev=2 patch=109x131x117 [clock= 47m 42s 534ms]..................... done [cost:-0.80285==>-0.85400 ; 21 patches optimized, 6 skipped]
lev=3 patch=81x99x89 [clock= 1h 8m 50s 720ms]................ done [cost:-0.85400==>-0.91575 ; 41 patches optimized, 23 skipped]
lev=4 patch=61x73x67 [clock= 1h 31m 23s 353ms]......... done [cost:-0.91575==>-0.97959 ; 73 patches optimized, 52 skipped]
lev=5 patch=47x55x49 [clock= 1h 57m 36s 281ms]............. done [cost:-0.97959==>-1.05199 ; 193 patches optimized, 150 skipped]
lev=6 patch=35x41x37 [clock= 2h 48m 38s 820ms]............... done [cost:-1.05199==>-1.10273 ; 451 patches optimized, 359 skipped]
lev=7 patch=25x25x25 [clock= 4h 25m 42s 370ms].................... done [cost:-1.10273==>-1.18997 ; 1436 patches optimized, 1476 skipped]
++ ========== total number of parameters 'optimized' = 53916
++ Output dataset ./anat.aff.qw.nii
++ Output dataset ./anat.aff.qw_WARP.nii
++ ===== clock time = 7h 8m 24s 230ms
#++ Applying warps to /media/DATA/FACEBOOK/FAC005/visit1/PROC.ON_OFF/FAC005.ANAT_unif_ns+orig
#Script is running (command trimmed):
  3dNwarpApply -nwarp "./anat.aff.qw_WARP.nii anat.aff.Xat.1D" -master ./base.nii -source /media/DATA/FACEBOOK/FAC005/visit1/PROC.ON_OFF/FAC005.ANAT_unif_ns+orig -prefix ./FAC005.ANAT_unif_ns.aw.nii 
++ 3dNwarpApply: AFNI version=AFNI_2011_12_21_1014 (Jan 26 2015) [64-bit]
++ Authored by: Zhark the Warped
++ Processing -nwarp 
++ Warping: .Z
++ Output dataset ./FAC005.ANAT_unif_ns.aw.nii
++ total Elapsed time = 21.0 sec
#++ Saving history
#Script is running (command trimmed):
  3dNotes -h "auto_warp.py -base MNI152_T1_2009c+tlrc -input \
 FAC005.ANAT_unif_ns+orig -skull_strip_input no -unifize_input no" \
 ./FAC005.ANAT_unif_ns.aw.nii


3dbucket -prefix FAC005.ANAT_unif_ns awpy/FAC005.ANAT_unif_ns.aw.nii
++ 3dbucket: AFNI version=AFNI_2011_12_21_1014 (Jan 26 2015) [64-bit]
mv awpy/anat.aff.Xat.1D .
mv awpy/anat.aff.qw_WARP.nii .
if ( ! -f FAC005.ANAT_unif_ns+tlrc.HEAD ) then
foreach run ( 01 02 03 04 05 06 )
3dvolreg -verbose -zpad 1 -base pb02.FAC005.r01.tshift+orig[0] -1Dfile dfile.r01.1D -prefix rm.epi.volreg.r01 -cubic -1Dmatrix_save mat.r01.vr.aff12.1D pb02.FAC005.r01.tshift+orig
++ 3dvolreg: AFNI version=AFNI_2011_12_21_1014 (Jan 26 2015) [64-bit]
++ Authored by: RW Cox
++ Reading in base dataset ./pb02.FAC005.r01.tshift+orig.BRIK
++ Reading input dataset ./pb02.FAC005.r01.tshift+orig.BRIK
++ Edging: x=3 y=3 z=1
++ Creating mask for -maxdisp
 + Automask has 36340 voxels
 + 5657 voxels left in -maxdisp mask after erosion
++ Initializing alignment base
++ Starting final pass on 53 sub-bricks: 0..1..2..3..4..5..6..7..8..9..10..11..12..13..14..15..16..17..18..19..20..21..22..23..24..25..26..27..28..29..30..31..32..33..34..35..36..37..38..39..40..41..42..43..44..45..46..47..48..49..50..51..52..
++ CPU time for realignment=0 s  [=0 s/sub-brick]
++ Min : roll=-0.101  pitch=-0.785  yaw=-0.038  dS=-0.045  dL=-0.280  dP=-0.092
++ Mean: roll=-0.021  pitch=-0.319  yaw=+0.018  dS=+0.073  dL=-0.144  dP=+0.155
++ Max : roll=+0.049  pitch=+0.174  yaw=+0.089  dS=+0.149  dL=+0.003  dP=+0.363
++ Max displacements (mm) for each sub-brick:
 0.00 0.17 0.12 0.21 0.27 0.32 0.37 0.43 0.46 0.51 0.48 0.21 0.19 0.10 0.19 0.24 0.33 0.41 0.49 0.51 0.58 0.62 0.64 0.70 0.51 0.39 0.27 0.29 0.37 0.44 0.50 0.58 0.65 0.74 0.79 0.85 0.89 0.93 0.96 1.05 1.10 1.10 1.14 1.13 1.17 1.21 1.23 1.28 1.32 1.33 1.34 1.37 1.42
++ Max displacement in automask = 1.42 (mm) at sub-brick 52
++ Wrote dataset to disk in ./rm.epi.volreg.r01+orig.BRIK
3dcalc -overwrite -a pb02.FAC005.r01.tshift+orig -expr 1 -prefix rm.epi.all1
++ 3dcalc: AFNI version=AFNI_2011_12_21_1014 (Jan 26 2015) [64-bit]
++ Authored by: A cast of thousands
*+ WARNING: input 'a' is not used in the expression
cat_matvec -ONELINE anat.aff.Xat.1D FAC005.ANAT_unif_al_junk_mat.aff12.1D -I mat.r01.vr.aff12.1D
3dNwarpApply -master FAC005.ANAT_unif_ns+tlrc -dxyz 3 -source pb02.FAC005.r01.tshift+orig -nwarp anat.aff.qw_WARP.nii mat.r01.warp.aff12.1D -prefix rm.epi.nomask.r01
++ 3dNwarpApply: AFNI version=AFNI_2011_12_21_1014 (Jan 26 2015) [64-bit]
++ Authored by: Zhark the Warped
++ Processing -nwarp 
++ Warping: ...........................Z
++ Output dataset ./rm.epi.nomask.r01+tlrc.BRIK
++ total Elapsed time = 228.7 sec
3dNwarpApply -master FAC005.ANAT_unif_ns+tlrc -dxyz 3 -source rm.epi.all1+orig -nwarp anat.aff.qw_WARP.nii mat.r01.warp.aff12.1D -prefix rm.epi.1.r01 -ainterp NN -quiet
++ 3dNwarpApply: AFNI version=AFNI_2011_12_21_1014 (Jan 26 2015) [64-bit]
++ Authored by: Zhark the Warped
3dTstat -min -prefix rm.epi.min.r01 rm.epi.1.r01+tlrc
++ 3dTstat: AFNI version=AFNI_2011_12_21_1014 (Jan 26 2015) [64-bit]
++ Authored by: KR Hammett & RW Cox
end
3dvolreg -verbose -zpad 1 -base pb02.FAC005.r01.tshift+orig[0] -1Dfile dfile.r02.1D -prefix rm.epi.volreg.r02 -cubic -1Dmatrix_save mat.r02.vr.aff12.1D pb02.FAC005.r02.tshift+orig
++ 3dvolreg: AFNI version=AFNI_2011_12_21_1014 (Jan 26 2015) [64-bit]
++ Authored by: RW Cox
++ Reading in base dataset ./pb02.FAC005.r01.tshift+orig.BRIK
++ Reading input dataset ./pb02.FAC005.r02.tshift+orig.BRIK
++ Edging: x=3 y=3 z=1
++ Creating mask for -maxdisp
 + Automask has 36350 voxels
 + 5610 voxels left in -maxdisp mask after erosion
++ Initializing alignment base
++ Starting final pass on 53 sub-bricks: 0..1..2..3..4..5..6..7..8..9..10..11..12..13..14..15..16..17..18..19..20..21..22..23..24..25..26..27..28..29..30..31..32..33..34..35..36..37..38..39..40..41..42..43..44..45..46..47..48..49..50..51..52..
++ CPU time for realignment=0 s  [=0 s/sub-brick]
++ Min : roll=+0.280  pitch=-1.352  yaw=-0.375  dS=+0.315  dL=+0.315  dP=+0.253
++ Mean: roll=+0.342  pitch=-1.145  yaw=-0.318  dS=+0.445  dL=+0.453  dP=+0.451
++ Max : roll=+0.405  pitch=-0.760  yaw=-0.298  dS=+0.515  dL=+0.572  dP=+0.554
++ Max displacements (mm) for each sub-brick:
 2.02 1.98 2.06 2.10 2.13 2.13 2.17 2.21 2.26 2.35 2.39 2.43 2.46 2.52 2.57 2.32 2.00 2.20 2.31 2.48 2.58 2.67 2.74 2.73 2.77 2.74 2.76 2.80 2.79 2.80 2.76 2.82 2.83 2.79 2.81 2.77 2.84 2.82 2.90 2.89 2.94 2.94 2.90 2.90 2.96 3.01 3.01 3.02 3.03 3.01 3.04 3.03 3.03
++ Max displacement in automask = 3.04 (mm) at sub-brick 50
++ Wrote dataset to disk in ./rm.epi.volreg.r02+orig.BRIK
3dcalc -overwrite -a pb02.FAC005.r02.tshift+orig -expr 1 -prefix rm.epi.all1
++ 3dcalc: AFNI version=AFNI_2011_12_21_1014 (Jan 26 2015) [64-bit]
++ Authored by: A cast of thousands
*+ WARNING: input 'a' is not used in the expression
cat_matvec -ONELINE anat.aff.Xat.1D FAC005.ANAT_unif_al_junk_mat.aff12.1D -I mat.r02.vr.aff12.1D
3dNwarpApply -master FAC005.ANAT_unif_ns+tlrc -dxyz 3 -source pb02.FAC005.r02.tshift+orig -nwarp anat.aff.qw_WARP.nii mat.r02.warp.aff12.1D -prefix rm.epi.nomask.r02
++ 3dNwarpApply: AFNI version=AFNI_2011_12_21_1014 (Jan 26 2015) [64-bit]
++ Authored by: Zhark the Warped
++ Processing -nwarp 
++ Warping: ...........................Z
++ Output dataset ./rm.epi.nomask.r02+tlrc.BRIK
++ total Elapsed time = 226.7 sec
3dNwarpApply -master FAC005.ANAT_unif_ns+tlrc -dxyz 3 -source rm.epi.all1+orig -nwarp anat.aff.qw_WARP.nii mat.r02.warp.aff12.1D -prefix rm.epi.1.r02 -ainterp NN -quiet
++ 3dNwarpApply: AFNI version=AFNI_2011_12_21_1014 (Jan 26 2015) [64-bit]
++ Authored by: Zhark the Warped
3dTstat -min -prefix rm.epi.min.r02 rm.epi.1.r02+tlrc
++ 3dTstat: AFNI version=AFNI_2011_12_21_1014 (Jan 26 2015) [64-bit]
++ Authored by: KR Hammett & RW Cox
end
3dvolreg -verbose -zpad 1 -base pb02.FAC005.r01.tshift+orig[0] -1Dfile dfile.r03.1D -prefix rm.epi.volreg.r03 -cubic -1Dmatrix_save mat.r03.vr.aff12.1D pb02.FAC005.r03.tshift+orig
++ 3dvolreg: AFNI version=AFNI_2011_12_21_1014 (Jan 26 2015) [64-bit]
++ Authored by: RW Cox
++ Reading in base dataset ./pb02.FAC005.r01.tshift+orig.BRIK
++ Reading input dataset ./pb02.FAC005.r03.tshift+orig.BRIK
++ Edging: x=3 y=3 z=1
++ Creating mask for -maxdisp
 + Automask has 36571 voxels
 + 5729 voxels left in -maxdisp mask after erosion
++ Initializing alignment base
++ Starting final pass on 53 sub-bricks: 0..1..2..3..4..5..6..7..8..9..10..11..12..13..14..15..16..17..18..19..20..21..22..23..24..25..26..27..28..29..30..31..32..33..34..35..36..37..38..39..40..41..42..43..44..45..46..47..48..49..50..51..52..
++ CPU time for realignment=0 s  [=0 s/sub-brick]
++ Min : roll=-0.059  pitch=-1.333  yaw=+0.127  dS=-0.018  dL=+0.632  dP=+0.086
++ Mean: roll=+0.027  pitch=-1.019  yaw=+0.177  dS=+0.181  dL=+0.655  dP=+0.309
++ Max : roll=+0.090  pitch=-0.535  yaw=+0.222  dS=+0.301  dL=+0.703  dP=+0.458
++ Max displacements (mm) for each sub-brick:
 1.18 1.15 1.15 1.16 1.17 1.29 1.32 1.35 1.34 1.37 1.47 1.57 1.64 1.29 1.16 1.47 1.61 1.78 1.91 2.00 2.09 2.13 2.18 2.17 2.27 1.98 1.93 2.10 2.13 2.22 2.24 2.22 2.30 2.36 2.37 2.36 2.38 2.41 2.37 2.42 2.41 2.43 2.42 2.51 2.55 2.48 2.51 2.47 2.51 2.45 1.82 1.73 1.75
++ Max displacement in automask = 2.55 (mm) at sub-brick 44
++ Wrote dataset to disk in ./rm.epi.volreg.r03+orig.BRIK
3dcalc -overwrite -a pb02.FAC005.r03.tshift+orig -expr 1 -prefix rm.epi.all1
++ 3dcalc: AFNI version=AFNI_2011_12_21_1014 (Jan 26 2015) [64-bit]
++ Authored by: A cast of thousands
*+ WARNING: input 'a' is not used in the expression
cat_matvec -ONELINE anat.aff.Xat.1D FAC005.ANAT_unif_al_junk_mat.aff12.1D -I mat.r03.vr.aff12.1D
3dNwarpApply -master FAC005.ANAT_unif_ns+tlrc -dxyz 3 -source pb02.FAC005.r03.tshift+orig -nwarp anat.aff.qw_WARP.nii mat.r03.warp.aff12.1D -prefix rm.epi.nomask.r03
++ 3dNwarpApply: AFNI version=AFNI_2011_12_21_1014 (Jan 26 2015) [64-bit]
++ Authored by: Zhark the Warped
++ Processing -nwarp 
++ Warping: ...........................Z
++ Output dataset ./rm.epi.nomask.r03+tlrc.BRIK
++ total Elapsed time = 224.4 sec
3dNwarpApply -master FAC005.ANAT_unif_ns+tlrc -dxyz 3 -source rm.epi.all1+orig -nwarp anat.aff.qw_WARP.nii mat.r03.warp.aff12.1D -prefix rm.epi.1.r03 -ainterp NN -quiet
++ 3dNwarpApply: AFNI version=AFNI_2011_12_21_1014 (Jan 26 2015) [64-bit]
++ Authored by: Zhark the Warped
3dTstat -min -prefix rm.epi.min.r03 rm.epi.1.r03+tlrc
++ 3dTstat: AFNI version=AFNI_2011_12_21_1014 (Jan 26 2015) [64-bit]
++ Authored by: KR Hammett & RW Cox
end
3dvolreg -verbose -zpad 1 -base pb02.FAC005.r01.tshift+orig[0] -1Dfile dfile.r04.1D -prefix rm.epi.volreg.r04 -cubic -1Dmatrix_save mat.r04.vr.aff12.1D pb02.FAC005.r04.tshift+orig
++ 3dvolreg: AFNI version=AFNI_2011_12_21_1014 (Jan 26 2015) [64-bit]
++ Authored by: RW Cox
++ Reading in base dataset ./pb02.FAC005.r01.tshift+orig.BRIK
++ Reading input dataset ./pb02.FAC005.r04.tshift+orig.BRIK
++ Edging: x=3 y=3 z=1
++ Creating mask for -maxdisp
 + Automask has 36273 voxels
 + 5611 voxels left in -maxdisp mask after erosion
++ Initializing alignment base
++ Starting final pass on 53 sub-bricks: 0..1..2..3..4..5..6..7..8..9..10..11..12..13..14..15..16..17..18..19..20..21..22..23..24..25..26..27..28..29..30..31..32..33..34..35..36..37..38..39..40..41..42..43..44..45..46..47..48..49..50..51..52..
++ CPU time for realignment=0 s  [=0 s/sub-brick]
++ Min : roll=-0.390  pitch=-1.390  yaw=-0.273  dS=+0.158  dL=-0.264  dP=+0.416
++ Mean: roll=-0.344  pitch=-1.194  yaw=-0.226  dS=+0.335  dL=-0.180  dP=+0.537
++ Max : roll=-0.270  pitch=-0.905  yaw=-0.185  dS=+0.485  dL=-0.068  dP=+0.629
++ Max displacements (mm) for each sub-brick:
 1.82 1.74 1.78 1.83 1.84 1.87 1.95 2.01 2.00 1.99 2.01 2.08 2.12 2.14 2.19 2.23 2.26 2.26 2.27 2.30 2.35 2.37 2.36 2.41 2.49 2.51 2.51 2.48 2.51 2.56 2.56 2.56 2.55 2.59 2.60 2.60 2.60 2.58 2.57 2.58 2.61 2.59 2.62 2.61 2.60 2.66 2.62 2.57 2.66 2.69 2.69 2.74 2.77
++ Max displacement in automask = 2.77 (mm) at sub-brick 52
++ Wrote dataset to disk in ./rm.epi.volreg.r04+orig.BRIK
3dcalc -overwrite -a pb02.FAC005.r04.tshift+orig -expr 1 -prefix rm.epi.all1
++ 3dcalc: AFNI version=AFNI_2011_12_21_1014 (Jan 26 2015) [64-bit]
++ Authored by: A cast of thousands
*+ WARNING: input 'a' is not used in the expression
cat_matvec -ONELINE anat.aff.Xat.1D FAC005.ANAT_unif_al_junk_mat.aff12.1D -I mat.r04.vr.aff12.1D
3dNwarpApply -master FAC005.ANAT_unif_ns+tlrc -dxyz 3 -source pb02.FAC005.r04.tshift+orig -nwarp anat.aff.qw_WARP.nii mat.r04.warp.aff12.1D -prefix rm.epi.nomask.r04
++ 3dNwarpApply: AFNI version=AFNI_2011_12_21_1014 (Jan 26 2015) [64-bit]
++ Authored by: Zhark the Warped
++ Processing -nwarp 
++ Warping: ...........................Z
++ Output dataset ./rm.epi.nomask.r04+tlrc.BRIK
++ total Elapsed time = 225.1 sec
3dNwarpApply -master FAC005.ANAT_unif_ns+tlrc -dxyz 3 -source rm.epi.all1+orig -nwarp anat.aff.qw_WARP.nii mat.r04.warp.aff12.1D -prefix rm.epi.1.r04 -ainterp NN -quiet
++ 3dNwarpApply: AFNI version=AFNI_2011_12_21_1014 (Jan 26 2015) [64-bit]
++ Authored by: Zhark the Warped
3dTstat -min -prefix rm.epi.min.r04 rm.epi.1.r04+tlrc
++ 3dTstat: AFNI version=AFNI_2011_12_21_1014 (Jan 26 2015) [64-bit]
++ Authored by: KR Hammett & RW Cox
end
3dvolreg -verbose -zpad 1 -base pb02.FAC005.r01.tshift+orig[0] -1Dfile dfile.r05.1D -prefix rm.epi.volreg.r05 -cubic -1Dmatrix_save mat.r05.vr.aff12.1D pb02.FAC005.r05.tshift+orig
++ 3dvolreg: AFNI version=AFNI_2011_12_21_1014 (Jan 26 2015) [64-bit]
++ Authored by: RW Cox
++ Reading in base dataset ./pb02.FAC005.r01.tshift+orig.BRIK
++ Reading input dataset ./pb02.FAC005.r05.tshift+orig.BRIK
++ Edging: x=3 y=3 z=1
++ Creating mask for -maxdisp
 + Automask has 36437 voxels
 + 5606 voxels left in -maxdisp mask after erosion
++ Initializing alignment base
++ Starting final pass on 53 sub-bricks: 0..1..2..3..4..5..6..7..8..9..10..11..12..13..14..15..16..17..18..19..20..21..22..23..24..25..26..27..28..29..30..31..32..33..34..35..36..37..38..39..40..41..42..43..44..45..46..47..48..49..50..51..52..
++ CPU time for realignment=0 s  [=0 s/sub-brick]
++ Min : roll=+0.359  pitch=-1.221  yaw=-0.279  dS=+0.278  dL=+0.571  dP=+0.114
++ Mean: roll=+0.451  pitch=-1.015  yaw=-0.230  dS=+0.373  dL=+0.623  dP=+0.352
++ Max : roll=+0.550  pitch=-0.564  yaw=-0.077  dS=+0.424  dL=+0.733  dP=+0.459
++ Max displacements (mm) for each sub-brick:
 1.93 1.81 1.98 2.06 2.08 2.11 2.13 2.24 2.28 2.33 2.37 2.43 2.44 2.49 2.50 2.53 2.55 2.56 2.62 2.67 2.71 2.68 2.67 2.65 2.67 2.67 2.69 2.67 2.64 2.71 2.70 2.73 2.69 2.73 2.72 2.74 2.71 2.66 2.42 2.60 2.69 2.73 2.76 2.76 2.80 2.83 2.81 2.82 2.91 2.60 2.30 2.39 2.49
++ Max displacement in automask = 2.91 (mm) at sub-brick 48
++ Wrote dataset to disk in ./rm.epi.volreg.r05+orig.BRIK
3dcalc -overwrite -a pb02.FAC005.r05.tshift+orig -expr 1 -prefix rm.epi.all1
++ 3dcalc: AFNI version=AFNI_2011_12_21_1014 (Jan 26 2015) [64-bit]
++ Authored by: A cast of thousands
*+ WARNING: input 'a' is not used in the expression
cat_matvec -ONELINE anat.aff.Xat.1D FAC005.ANAT_unif_al_junk_mat.aff12.1D -I mat.r05.vr.aff12.1D
3dNwarpApply -master FAC005.ANAT_unif_ns+tlrc -dxyz 3 -source pb02.FAC005.r05.tshift+orig -nwarp anat.aff.qw_WARP.nii mat.r05.warp.aff12.1D -prefix rm.epi.nomask.r05
++ 3dNwarpApply: AFNI version=AFNI_2011_12_21_1014 (Jan 26 2015) [64-bit]
++ Authored by: Zhark the Warped
++ Processing -nwarp 
++ Warping: ...........................Z
++ Output dataset ./rm.epi.nomask.r05+tlrc.BRIK
++ total Elapsed time = 220.0 sec
3dNwarpApply -master FAC005.ANAT_unif_ns+tlrc -dxyz 3 -source rm.epi.all1+orig -nwarp anat.aff.qw_WARP.nii mat.r05.warp.aff12.1D -prefix rm.epi.1.r05 -ainterp NN -quiet
++ 3dNwarpApply: AFNI version=AFNI_2011_12_21_1014 (Jan 26 2015) [64-bit]
++ Authored by: Zhark the Warped
3dTstat -min -prefix rm.epi.min.r05 rm.epi.1.r05+tlrc
++ 3dTstat: AFNI version=AFNI_2011_12_21_1014 (Jan 26 2015) [64-bit]
++ Authored by: KR Hammett & RW Cox
end
3dvolreg -verbose -zpad 1 -base pb02.FAC005.r01.tshift+orig[0] -1Dfile dfile.r06.1D -prefix rm.epi.volreg.r06 -cubic -1Dmatrix_save mat.r06.vr.aff12.1D pb02.FAC005.r06.tshift+orig
++ 3dvolreg: AFNI version=AFNI_2011_12_21_1014 (Jan 26 2015) [64-bit]
++ Authored by: RW Cox
++ Reading in base dataset ./pb02.FAC005.r01.tshift+orig.BRIK
++ Reading input dataset ./pb02.FAC005.r06.tshift+orig.BRIK
++ Edging: x=3 y=3 z=1
++ Creating mask for -maxdisp
 + Automask has 36326 voxels
 + 5633 voxels left in -maxdisp mask after erosion
++ Initializing alignment base
++ Starting final pass on 53 sub-bricks: 0..1..2..3..4..5..6..7..8..9..10..11..12..13..14..15..16..17..18..19..20..21..22..23..24..25..26..27..28..29..30..31..32..33..34..35..36..37..38..39..40..41..42..43..44..45..46..47..48..49..50..51..52..
++ CPU time for realignment=0 s  [=0 s/sub-brick]
++ Min : roll=+0.543  pitch=-1.346  yaw=+0.209  dS=+0.329  dL=+1.280  dP=+0.064
++ Mean: roll=+0.611  pitch=-1.092  yaw=+0.233  dS=+0.467  dL=+1.301  dP=+0.285
++ Max : roll=+0.692  pitch=-0.637  yaw=+0.279  dS=+0.573  dL=+1.344  dP=+0.408
++ Max displacements (mm) for each sub-brick:
 2.61 2.53 2.57 2.62 2.63 2.73 2.77 2.81 2.84 2.85 2.92 2.95 3.01 2.99 3.04 3.07 3.11 3.14 3.10 3.16 3.18 3.27 3.23 3.27 3.24 3.25 3.27 3.25 3.30 3.31 3.31 3.32 3.33 3.33 3.32 3.37 3.39 3.44 3.48 3.42 3.44 3.48 3.47 3.55 3.10 2.85 2.92 2.97 3.12 3.26 3.34 3.41 3.47
++ Max displacement in automask = 3.55 (mm) at sub-brick 43
++ Wrote dataset to disk in ./rm.epi.volreg.r06+orig.BRIK
3dcalc -overwrite -a pb02.FAC005.r06.tshift+orig -expr 1 -prefix rm.epi.all1
++ 3dcalc: AFNI version=AFNI_2011_12_21_1014 (Jan 26 2015) [64-bit]
++ Authored by: A cast of thousands
*+ WARNING: input 'a' is not used in the expression
cat_matvec -ONELINE anat.aff.Xat.1D FAC005.ANAT_unif_al_junk_mat.aff12.1D -I mat.r06.vr.aff12.1D
3dNwarpApply -master FAC005.ANAT_unif_ns+tlrc -dxyz 3 -source pb02.FAC005.r06.tshift+orig -nwarp anat.aff.qw_WARP.nii mat.r06.warp.aff12.1D -prefix rm.epi.nomask.r06
++ 3dNwarpApply: AFNI version=AFNI_2011_12_21_1014 (Jan 26 2015) [64-bit]
++ Authored by: Zhark the Warped
++ Processing -nwarp 
++ Warping: ...........................Z
++ Output dataset ./rm.epi.nomask.r06+tlrc.BRIK
++ total Elapsed time = 216.1 sec
3dNwarpApply -master FAC005.ANAT_unif_ns+tlrc -dxyz 3 -source rm.epi.all1+orig -nwarp anat.aff.qw_WARP.nii mat.r06.warp.aff12.1D -prefix rm.epi.1.r06 -ainterp NN -quiet
++ 3dNwarpApply: AFNI version=AFNI_2011_12_21_1014 (Jan 26 2015) [64-bit]
++ Authored by: Zhark the Warped
3dTstat -min -prefix rm.epi.min.r06 rm.epi.1.r06+tlrc
++ 3dTstat: AFNI version=AFNI_2011_12_21_1014 (Jan 26 2015) [64-bit]
++ Authored by: KR Hammett & RW Cox
end
cat dfile.r01.1D dfile.r02.1D dfile.r03.1D dfile.r04.1D dfile.r05.1D dfile.r06.1D
3dMean -datum short -prefix rm.epi.mean rm.epi.min.r01+tlrc.HEAD rm.epi.min.r02+tlrc.HEAD rm.epi.min.r03+tlrc.HEAD rm.epi.min.r04+tlrc.HEAD rm.epi.min.r05+tlrc.HEAD rm.epi.min.r06+tlrc.HEAD
++ 3dMean: AFNI version=AFNI_2011_12_21_1014 (Jan 26 2015) [64-bit]
3dcalc -a rm.epi.mean+tlrc -expr step(a-0.999) -prefix mask_epi_extents
++ 3dcalc: AFNI version=AFNI_2011_12_21_1014 (Jan 26 2015) [64-bit]
++ Authored by: A cast of thousands
foreach run ( 01 02 03 04 05 06 )
3dcalc -a rm.epi.nomask.r01+tlrc -b mask_epi_extents+tlrc -expr a*b -prefix pb03.FAC005.r01.volreg
++ 3dcalc: AFNI version=AFNI_2011_12_21_1014 (Jan 26 2015) [64-bit]
++ Authored by: A cast of thousands
++ Output dataset ./pb03.FAC005.r01.volreg+tlrc.BRIK
end
3dcalc -a rm.epi.nomask.r02+tlrc -b mask_epi_extents+tlrc -expr a*b -prefix pb03.FAC005.r02.volreg
++ 3dcalc: AFNI version=AFNI_2011_12_21_1014 (Jan 26 2015) [64-bit]
++ Authored by: A cast of thousands
++ Output dataset ./pb03.FAC005.r02.volreg+tlrc.BRIK
end
3dcalc -a rm.epi.nomask.r03+tlrc -b mask_epi_extents+tlrc -expr a*b -prefix pb03.FAC005.r03.volreg
++ 3dcalc: AFNI version=AFNI_2011_12_21_1014 (Jan 26 2015) [64-bit]
++ Authored by: A cast of thousands
++ Output dataset ./pb03.FAC005.r03.volreg+tlrc.BRIK
end
3dcalc -a rm.epi.nomask.r04+tlrc -b mask_epi_extents+tlrc -expr a*b -prefix pb03.FAC005.r04.volreg
++ 3dcalc: AFNI version=AFNI_2011_12_21_1014 (Jan 26 2015) [64-bit]
++ Authored by: A cast of thousands
++ Output dataset ./pb03.FAC005.r04.volreg+tlrc.BRIK
end
3dcalc -a rm.epi.nomask.r05+tlrc -b mask_epi_extents+tlrc -expr a*b -prefix pb03.FAC005.r05.volreg
++ 3dcalc: AFNI version=AFNI_2011_12_21_1014 (Jan 26 2015) [64-bit]
++ Authored by: A cast of thousands
++ Output dataset ./pb03.FAC005.r05.volreg+tlrc.BRIK
end
3dcalc -a rm.epi.nomask.r06+tlrc -b mask_epi_extents+tlrc -expr a*b -prefix pb03.FAC005.r06.volreg
++ 3dcalc: AFNI version=AFNI_2011_12_21_1014 (Jan 26 2015) [64-bit]
++ Authored by: A cast of thousands
++ Output dataset ./pb03.FAC005.r06.volreg+tlrc.BRIK
end
3dcopy FAC005.ANAT_unif_ns+tlrc anat_final.FAC005
++ 3dcopy: AFNI version=AFNI_2011_12_21_1014 (Jan 26 2015) [64-bit]
foreach run ( 01 02 03 04 05 06 )
3dmerge -1blur_fwhm 6 -doall -prefix pb04.FAC005.r01.blur pb03.FAC005.r01.volreg+tlrc
++ 3dmerge: AFNI version=AFNI_2011_12_21_1014 (Jan 26 2015) [64-bit]
Program 3dmerge 
++ default -1dindex = 0
++ default -1tindex = 1
3dmerge: edit and combine 3D datasets, by RW Cox
++ editing input dataset in memory (62.9 MB)
-- Wrote edited dataset: ./pb04.FAC005.r01.blur+tlrc.BRIK
Editing sub-brick 0
Editing sub-brick 1
Editing sub-brick 2
Editing sub-brick 3
Editing sub-brick 4
Editing sub-brick 5
Editing sub-brick 6
Editing sub-brick 7
Editing sub-brick 8
Editing sub-brick 9
Editing sub-brick 10
Editing sub-brick 11
Editing sub-brick 12
Editing sub-brick 13
Editing sub-brick 14
Editing sub-brick 15
Editing sub-brick 16
Editing sub-brick 17
Editing sub-brick 18
Editing sub-brick 19
Editing sub-brick 20
Editing sub-brick 21
Editing sub-brick 22
Editing sub-brick 23
Editing sub-brick 24
Editing sub-brick 25
Editing sub-brick 26
Editing sub-brick 27
Editing sub-brick 28
Editing sub-brick 29
Editing sub-brick 30
Editing sub-brick 31
Editing sub-brick 32
Editing sub-brick 33
Editing sub-brick 34
Editing sub-brick 35
Editing sub-brick 36
Editing sub-brick 37
Editing sub-brick 38
Editing sub-brick 39
Editing sub-brick 40
Editing sub-brick 41
Editing sub-brick 42
Editing sub-brick 43
Editing sub-brick 44
Editing sub-brick 45
Editing sub-brick 46
Editing sub-brick 47
Editing sub-brick 48
Editing sub-brick 49
Editing sub-brick 50
Editing sub-brick 51
Editing sub-brick 52
end
3dmerge -1blur_fwhm 6 -doall -prefix pb04.FAC005.r02.blur pb03.FAC005.r02.volreg+tlrc
++ 3dmerge: AFNI version=AFNI_2011_12_21_1014 (Jan 26 2015) [64-bit]
Program 3dmerge 
++ default -1dindex = 0
++ default -1tindex = 1
3dmerge: edit and combine 3D datasets, by RW Cox
++ editing input dataset in memory (62.9 MB)
-- Wrote edited dataset: ./pb04.FAC005.r02.blur+tlrc.BRIK
Editing sub-brick 0
Editing sub-brick 1
Editing sub-brick 2
Editing sub-brick 3
Editing sub-brick 4
Editing sub-brick 5
Editing sub-brick 6
Editing sub-brick 7
Editing sub-brick 8
Editing sub-brick 9
Editing sub-brick 10
Editing sub-brick 11
Editing sub-brick 12
Editing sub-brick 13
Editing sub-brick 14
Editing sub-brick 15
Editing sub-brick 16
Editing sub-brick 17
Editing sub-brick 18
Editing sub-brick 19
Editing sub-brick 20
Editing sub-brick 21
Editing sub-brick 22
Editing sub-brick 23
Editing sub-brick 24
Editing sub-brick 25
Editing sub-brick 26
Editing sub-brick 27
Editing sub-brick 28
Editing sub-brick 29
Editing sub-brick 30
Editing sub-brick 31
Editing sub-brick 32
Editing sub-brick 33
Editing sub-brick 34
Editing sub-brick 35
Editing sub-brick 36
Editing sub-brick 37
Editing sub-brick 38
Editing sub-brick 39
Editing sub-brick 40
Editing sub-brick 41
Editing sub-brick 42
Editing sub-brick 43
Editing sub-brick 44
Editing sub-brick 45
Editing sub-brick 46
Editing sub-brick 47
Editing sub-brick 48
Editing sub-brick 49
Editing sub-brick 50
Editing sub-brick 51
Editing sub-brick 52
end
3dmerge -1blur_fwhm 6 -doall -prefix pb04.FAC005.r03.blur pb03.FAC005.r03.volreg+tlrc
++ 3dmerge: AFNI version=AFNI_2011_12_21_1014 (Jan 26 2015) [64-bit]
Program 3dmerge 
++ default -1dindex = 0
++ default -1tindex = 1
3dmerge: edit and combine 3D datasets, by RW Cox
++ editing input dataset in memory (62.9 MB)
-- Wrote edited dataset: ./pb04.FAC005.r03.blur+tlrc.BRIK
Editing sub-brick 0
Editing sub-brick 1
Editing sub-brick 2
Editing sub-brick 3
Editing sub-brick 4
Editing sub-brick 5
Editing sub-brick 6
Editing sub-brick 7
Editing sub-brick 8
Editing sub-brick 9
Editing sub-brick 10
Editing sub-brick 11
Editing sub-brick 12
Editing sub-brick 13
Editing sub-brick 14
Editing sub-brick 15
Editing sub-brick 16
Editing sub-brick 17
Editing sub-brick 18
Editing sub-brick 19
Editing sub-brick 20
Editing sub-brick 21
Editing sub-brick 22
Editing sub-brick 23
Editing sub-brick 24
Editing sub-brick 25
Editing sub-brick 26
Editing sub-brick 27
Editing sub-brick 28
Editing sub-brick 29
Editing sub-brick 30
Editing sub-brick 31
Editing sub-brick 32
Editing sub-brick 33
Editing sub-brick 34
Editing sub-brick 35
Editing sub-brick 36
Editing sub-brick 37
Editing sub-brick 38
Editing sub-brick 39
Editing sub-brick 40
Editing sub-brick 41
Editing sub-brick 42
Editing sub-brick 43
Editing sub-brick 44
Editing sub-brick 45
Editing sub-brick 46
Editing sub-brick 47
Editing sub-brick 48
Editing sub-brick 49
Editing sub-brick 50
Editing sub-brick 51
Editing sub-brick 52
end
3dmerge -1blur_fwhm 6 -doall -prefix pb04.FAC005.r04.blur pb03.FAC005.r04.volreg+tlrc
++ 3dmerge: AFNI version=AFNI_2011_12_21_1014 (Jan 26 2015) [64-bit]
Program 3dmerge 
++ default -1dindex = 0
++ default -1tindex = 1
3dmerge: edit and combine 3D datasets, by RW Cox
++ editing input dataset in memory (62.9 MB)
-- Wrote edited dataset: ./pb04.FAC005.r04.blur+tlrc.BRIK
Editing sub-brick 0
Editing sub-brick 1
Editing sub-brick 2
Editing sub-brick 3
Editing sub-brick 4
Editing sub-brick 5
Editing sub-brick 6
Editing sub-brick 7
Editing sub-brick 8
Editing sub-brick 9
Editing sub-brick 10
Editing sub-brick 11
Editing sub-brick 12
Editing sub-brick 13
Editing sub-brick 14
Editing sub-brick 15
Editing sub-brick 16
Editing sub-brick 17
Editing sub-brick 18
Editing sub-brick 19
Editing sub-brick 20
Editing sub-brick 21
Editing sub-brick 22
Editing sub-brick 23
Editing sub-brick 24
Editing sub-brick 25
Editing sub-brick 26
Editing sub-brick 27
Editing sub-brick 28
Editing sub-brick 29
Editing sub-brick 30
Editing sub-brick 31
Editing sub-brick 32
Editing sub-brick 33
Editing sub-brick 34
Editing sub-brick 35
Editing sub-brick 36
Editing sub-brick 37
Editing sub-brick 38
Editing sub-brick 39
Editing sub-brick 40
Editing sub-brick 41
Editing sub-brick 42
Editing sub-brick 43
Editing sub-brick 44
Editing sub-brick 45
Editing sub-brick 46
Editing sub-brick 47
Editing sub-brick 48
Editing sub-brick 49
Editing sub-brick 50
Editing sub-brick 51
Editing sub-brick 52
end
3dmerge -1blur_fwhm 6 -doall -prefix pb04.FAC005.r05.blur pb03.FAC005.r05.volreg+tlrc
++ 3dmerge: AFNI version=AFNI_2011_12_21_1014 (Jan 26 2015) [64-bit]
Program 3dmerge 
++ default -1dindex = 0
++ default -1tindex = 1
3dmerge: edit and combine 3D datasets, by RW Cox
++ editing input dataset in memory (62.9 MB)
-- Wrote edited dataset: ./pb04.FAC005.r05.blur+tlrc.BRIK
Editing sub-brick 0
Editing sub-brick 1
Editing sub-brick 2
Editing sub-brick 3
Editing sub-brick 4
Editing sub-brick 5
Editing sub-brick 6
Editing sub-brick 7
Editing sub-brick 8
Editing sub-brick 9
Editing sub-brick 10
Editing sub-brick 11
Editing sub-brick 12
Editing sub-brick 13
Editing sub-brick 14
Editing sub-brick 15
Editing sub-brick 16
Editing sub-brick 17
Editing sub-brick 18
Editing sub-brick 19
Editing sub-brick 20
Editing sub-brick 21
Editing sub-brick 22
Editing sub-brick 23
Editing sub-brick 24
Editing sub-brick 25
Editing sub-brick 26
Editing sub-brick 27
Editing sub-brick 28
Editing sub-brick 29
Editing sub-brick 30
Editing sub-brick 31
Editing sub-brick 32
Editing sub-brick 33
Editing sub-brick 34
Editing sub-brick 35
Editing sub-brick 36
Editing sub-brick 37
Editing sub-brick 38
Editing sub-brick 39
Editing sub-brick 40
Editing sub-brick 41
Editing sub-brick 42
Editing sub-brick 43
Editing sub-brick 44
Editing sub-brick 45
Editing sub-brick 46
Editing sub-brick 47
Editing sub-brick 48
Editing sub-brick 49
Editing sub-brick 50
Editing sub-brick 51
Editing sub-brick 52
end
3dmerge -1blur_fwhm 6 -doall -prefix pb04.FAC005.r06.blur pb03.FAC005.r06.volreg+tlrc
++ 3dmerge: AFNI version=AFNI_2011_12_21_1014 (Jan 26 2015) [64-bit]
Program 3dmerge 
++ default -1dindex = 0
++ default -1tindex = 1
3dmerge: edit and combine 3D datasets, by RW Cox
++ editing input dataset in memory (62.9 MB)
-- Wrote edited dataset: ./pb04.FAC005.r06.blur+tlrc.BRIK
Editing sub-brick 0
Editing sub-brick 1
Editing sub-brick 2
Editing sub-brick 3
Editing sub-brick 4
Editing sub-brick 5
Editing sub-brick 6
Editing sub-brick 7
Editing sub-brick 8
Editing sub-brick 9
Editing sub-brick 10
Editing sub-brick 11
Editing sub-brick 12
Editing sub-brick 13
Editing sub-brick 14
Editing sub-brick 15
Editing sub-brick 16
Editing sub-brick 17
Editing sub-brick 18
Editing sub-brick 19
Editing sub-brick 20
Editing sub-brick 21
Editing sub-brick 22
Editing sub-brick 23
Editing sub-brick 24
Editing sub-brick 25
Editing sub-brick 26
Editing sub-brick 27
Editing sub-brick 28
Editing sub-brick 29
Editing sub-brick 30
Editing sub-brick 31
Editing sub-brick 32
Editing sub-brick 33
Editing sub-brick 34
Editing sub-brick 35
Editing sub-brick 36
Editing sub-brick 37
Editing sub-brick 38
Editing sub-brick 39
Editing sub-brick 40
Editing sub-brick 41
Editing sub-brick 42
Editing sub-brick 43
Editing sub-brick 44
Editing sub-brick 45
Editing sub-brick 46
Editing sub-brick 47
Editing sub-brick 48
Editing sub-brick 49
Editing sub-brick 50
Editing sub-brick 51
Editing sub-brick 52
end
foreach run ( 01 02 03 04 05 06 )
3dAutomask -dilate 1 -prefix rm.mask_r01 pb04.FAC005.r01.blur+tlrc
++ 3dAutomask: AFNI version=AFNI_2011_12_21_1014 (Jan 26 2015) [64-bit]
++ Authored by: Emperor Zhark
++ Loading dataset pb04.FAC005.r01.blur+tlrc
++ Forming automask
 + Fixed clip level = 1242.289673
 + Used gradual clip level = 1077.883911 .. 1373.755981
 + Number voxels above clip level = 59778
 + Clustering voxels ...
 + Largest cluster has 59766 voxels
 + Clustering voxels ...
 + Largest cluster has 59481 voxels
 + Filled   129 voxels in small holes; now have 59610 voxels
 + Filled     8 voxels in large holes; now have 59618 voxels
 + Clustering voxels ...
 + Largest cluster has 59609 voxels
 + Clustering non-brain voxels ...
 + Clustering voxels ...
 + Largest cluster has 251687 voxels
 + Mask now has 59609 voxels
++ Dilating automask
 + Clustering voxels ...
 + Largest cluster has 242848 voxels
++ 68448 voxels in the mask [out of 311296: 21.99%]
++ first   6 x-planes are zero [from L]
++ last    3 x-planes are zero [from R]
++ first   7 y-planes are zero [from P]
++ last    6 y-planes are zero [from A]
++ first  12 z-planes are zero [from I]
++ last    9 z-planes are zero [from S]
++ CPU time = 0.000000 sec
end
3dAutomask -dilate 1 -prefix rm.mask_r02 pb04.FAC005.r02.blur+tlrc
++ 3dAutomask: AFNI version=AFNI_2011_12_21_1014 (Jan 26 2015) [64-bit]
++ Authored by: Emperor Zhark
++ Loading dataset pb04.FAC005.r02.blur+tlrc
++ Forming automask
 + Fixed clip level = 1262.432617
 + Used gradual clip level = 1098.711304 .. 1368.226196
 + Number voxels above clip level = 60039
 + Clustering voxels ...
 + Largest cluster has 60007 voxels
 + Clustering voxels ...
 + Largest cluster has 59707 voxels
 + Filled    99 voxels in small holes; now have 59806 voxels
 + Clustering voxels ...
 + Largest cluster has 59792 voxels
 + Clustering non-brain voxels ...
 + Clustering voxels ...
 + Largest cluster has 251504 voxels
 + Mask now has 59792 voxels
++ Dilating automask
 + Clustering voxels ...
 + Largest cluster has 242652 voxels
++ 68644 voxels in the mask [out of 311296: 22.05%]
++ first   6 x-planes are zero [from L]
++ last    3 x-planes are zero [from R]
++ first   7 y-planes are zero [from P]
++ last    6 y-planes are zero [from A]
++ first  12 z-planes are zero [from I]
++ last    9 z-planes are zero [from S]
++ CPU time = 0.000000 sec
end
3dAutomask -dilate 1 -prefix rm.mask_r03 pb04.FAC005.r03.blur+tlrc
++ 3dAutomask: AFNI version=AFNI_2011_12_21_1014 (Jan 26 2015) [64-bit]
++ Authored by: Emperor Zhark
++ Loading dataset pb04.FAC005.r03.blur+tlrc
++ Forming automask
 + Fixed clip level = 1275.917358
 + Used gradual clip level = 1110.458252 .. 1382.319580
 + Number voxels above clip level = 60115
 + Clustering voxels ...
 + Largest cluster has 60080 voxels
 + Clustering voxels ...
 + Largest cluster has 59764 voxels
 + Filled    88 voxels in small holes; now have 59852 voxels
 + Clustering voxels ...
 + Largest cluster has 59841 voxels
 + Clustering non-brain voxels ...
 + Clustering voxels ...
 + Largest cluster has 251455 voxels
 + Mask now has 59841 voxels
++ Dilating automask
 + Clustering voxels ...
 + Largest cluster has 242618 voxels
++ 68678 voxels in the mask [out of 311296: 22.06%]
++ first   6 x-planes are zero [from L]
++ last    3 x-planes are zero [from R]
++ first   7 y-planes are zero [from P]
++ last    6 y-planes are zero [from A]
++ first  12 z-planes are zero [from I]
++ last    9 z-planes are zero [from S]
++ CPU time = 0.000000 sec
end
3dAutomask -dilate 1 -prefix rm.mask_r04 pb04.FAC005.r04.blur+tlrc
++ 3dAutomask: AFNI version=AFNI_2011_12_21_1014 (Jan 26 2015) [64-bit]
++ Authored by: Emperor Zhark
++ Loading dataset pb04.FAC005.r04.blur+tlrc
++ Forming automask
 + Fixed clip level = 1268.755981
 + Used gradual clip level = 1098.527222 .. 1385.535400
 + Number voxels above clip level = 59629
 + Clustering voxels ...
 + Largest cluster has 59599 voxels
 + Clustering voxels ...
 + Largest cluster has 59279 voxels
 + Filled   113 voxels in small holes; now have 59392 voxels
 + Filled     2 voxels in large holes; now have 59394 voxels
 + Clustering voxels ...
 + Largest cluster has 59381 voxels
 + Clustering non-brain voxels ...
 + Clustering voxels ...
 + Largest cluster has 251915 voxels
 + Mask now has 59381 voxels
++ Dilating automask
 + Clustering voxels ...
 + Largest cluster has 243128 voxels
++ 68168 voxels in the mask [out of 311296: 21.90%]
++ first   6 x-planes are zero [from L]
++ last    3 x-planes are zero [from R]
++ first   7 y-planes are zero [from P]
++ last    6 y-planes are zero [from A]
++ first  12 z-planes are zero [from I]
++ last    9 z-planes are zero [from S]
++ CPU time = 0.000000 sec
end
3dAutomask -dilate 1 -prefix rm.mask_r05 pb04.FAC005.r05.blur+tlrc
++ 3dAutomask: AFNI version=AFNI_2011_12_21_1014 (Jan 26 2015) [64-bit]
++ Authored by: Emperor Zhark
++ Loading dataset pb04.FAC005.r05.blur+tlrc
++ Forming automask
 + Fixed clip level = 1283.526245
 + Used gradual clip level = 1111.170654 .. 1388.195068
 + Number voxels above clip level = 60091
 + Clustering voxels ...
 + Largest cluster has 60042 voxels
 + Clustering voxels ...
 + Largest cluster has 59772 voxels
 + Filled   107 voxels in small holes; now have 59879 voxels
 + Filled     2 voxels in large holes; now have 59881 voxels
 + Clustering voxels ...
 + Largest cluster has 59869 voxels
 + Clustering non-brain voxels ...
 + Clustering voxels ...
 + Largest cluster has 251427 voxels
 + Mask now has 59869 voxels
++ Dilating automask
 + Clustering voxels ...
 + Largest cluster has 242521 voxels
++ 68775 voxels in the mask [out of 311296: 22.09%]
++ first   6 x-planes are zero [from L]
++ last    3 x-planes are zero [from R]
++ first   7 y-planes are zero [from P]
++ last    6 y-planes are zero [from A]
++ first  12 z-planes are zero [from I]
++ last    9 z-planes are zero [from S]
++ CPU time = 0.000000 sec
end
3dAutomask -dilate 1 -prefix rm.mask_r06 pb04.FAC005.r06.blur+tlrc
++ 3dAutomask: AFNI version=AFNI_2011_12_21_1014 (Jan 26 2015) [64-bit]
++ Authored by: Emperor Zhark
++ Loading dataset pb04.FAC005.r06.blur+tlrc
++ Forming automask
 + Fixed clip level = 1286.106323
 + Used gradual clip level = 1113.210571 .. 1389.985474
 + Number voxels above clip level = 60267
 + Clustering voxels ...
 + Largest cluster has 60227 voxels
 + Clustering voxels ...
 + Largest cluster has 59937 voxels
 + Filled    93 voxels in small holes; now have 60030 voxels
 + Clustering voxels ...
 + Largest cluster has 60021 voxels
 + Clustering non-brain voxels ...
 + Clustering voxels ...
 + Largest cluster has 251275 voxels
 + Mask now has 60021 voxels
++ Dilating automask
 + Clustering voxels ...
 + Largest cluster has 242393 voxels
++ 68903 voxels in the mask [out of 311296: 22.13%]
++ first   6 x-planes are zero [from L]
++ last    3 x-planes are zero [from R]
++ first   7 y-planes are zero [from P]
++ last    6 y-planes are zero [from A]
++ first  12 z-planes are zero [from I]
++ last    9 z-planes are zero [from S]
++ CPU time = 0.000000 sec
end
3dmask_tool -inputs rm.mask_r01+tlrc.HEAD rm.mask_r02+tlrc.HEAD rm.mask_r03+tlrc.HEAD rm.mask_r04+tlrc.HEAD rm.mask_r05+tlrc.HEAD rm.mask_r06+tlrc.HEAD -union -prefix full_mask.FAC005
++ processing 6 input datasets...
++ padding all datasets by 0 (for dilations)
++ frac 0 over 6 volumes gives min count 0
++ voxel limits: 0 clipped, 69561 survived, 241735 were zero
++ writing result full_mask.FAC005...
3dresample -master full_mask.FAC005+tlrc -input FAC005.ANAT_unif_ns+tlrc -prefix rm.resam.anat
3dmask_tool -dilate_input 5 -5 -fill_holes -input rm.resam.anat+tlrc -prefix mask_anat.FAC005
++ no -frac option: defaulting to -union
++ processing 1 input datasets...
++ padding all datasets by 5 (for dilations)
++ frac 0 over 1 volumes gives min count 0
++ voxel limits: 0 clipped, 85465 survived, 225831 were zero
++ filled 0 holes (0 voxels)
++ writing result mask_anat.FAC005...
3dABoverlap -no_automask full_mask.FAC005+tlrc mask_anat.FAC005+tlrc
tee out.mask_ae_overlap.txt
++ 3dOverlap: AFNI version=AFNI_2011_12_21_1014 (Jan 26 2015) [64-bit]
#A=./full_mask.FAC005+tlrc.BRIK  B=./mask_anat.FAC005+tlrc.BRIK
#A           #B           #(A uni B)   #(A int B)   #(A \ B)     #(B \ A)     %(A \ B)    %(B \ A)    Rx(B/A)    Ry(B/A)    Rz(B/A)
69561        85465        88601        66425        3136         19040         4.5083     22.2781     0.8758     1.0305     1.5802
3ddot -demean full_mask.FAC005+tlrc mask_anat.FAC005+tlrc
tee out.mask_ae_corr.txt
0.8178	
3dresample -master full_mask.FAC005+tlrc -prefix ./rm.resam.group -input /abin/linux_openmp_64/MNI152_T1_2009c+tlrc
3dmask_tool -dilate_input 5 -5 -fill_holes -input rm.resam.group+tlrc -prefix mask_group
++ no -frac option: defaulting to -union
++ processing 1 input datasets...
++ padding all datasets by 5 (for dilations)
++ frac 0 over 1 volumes gives min count 0
++ voxel limits: 0 clipped, 71790 survived, 239506 were zero
++ filled 0 holes (0 voxels)
++ writing result mask_group...
3dSeg -anat anat_final.FAC005+tlrc -mask AUTO -classes CSF ; GM ; WM

++ Compile date = Jan 26 2015

3dcopy Segsy/Classes+tlrc .
++ 3dcopy: AFNI version=AFNI_2011_12_21_1014 (Jan 26 2015) [64-bit]
foreach run ( 01 02 03 04 05 06 )
3dTstat -prefix rm.mean_r01 pb04.FAC005.r01.blur+tlrc
++ 3dTstat: AFNI version=AFNI_2011_12_21_1014 (Jan 26 2015) [64-bit]
++ Authored by: KR Hammett & RW Cox
++ Output dataset ./rm.mean_r01+tlrc.BRIK
3dcalc -a pb04.FAC005.r01.blur+tlrc -b rm.mean_r01+tlrc -c mask_epi_extents+tlrc -expr c * min(200, a/b*100)*step(a)*step(b) -prefix pb05.FAC005.r01.scale
++ 3dcalc: AFNI version=AFNI_2011_12_21_1014 (Jan 26 2015) [64-bit]
++ Authored by: A cast of thousands
++ Output dataset ./pb05.FAC005.r01.scale+tlrc.BRIK
end
3dTstat -prefix rm.mean_r02 pb04.FAC005.r02.blur+tlrc
++ 3dTstat: AFNI version=AFNI_2011_12_21_1014 (Jan 26 2015) [64-bit]
++ Authored by: KR Hammett & RW Cox
++ Output dataset ./rm.mean_r02+tlrc.BRIK
3dcalc -a pb04.FAC005.r02.blur+tlrc -b rm.mean_r02+tlrc -c mask_epi_extents+tlrc -expr c * min(200, a/b*100)*step(a)*step(b) -prefix pb05.FAC005.r02.scale
++ 3dcalc: AFNI version=AFNI_2011_12_21_1014 (Jan 26 2015) [64-bit]
++ Authored by: A cast of thousands
++ Output dataset ./pb05.FAC005.r02.scale+tlrc.BRIK
end
3dTstat -prefix rm.mean_r03 pb04.FAC005.r03.blur+tlrc
++ 3dTstat: AFNI version=AFNI_2011_12_21_1014 (Jan 26 2015) [64-bit]
++ Authored by: KR Hammett & RW Cox
++ Output dataset ./rm.mean_r03+tlrc.BRIK
3dcalc -a pb04.FAC005.r03.blur+tlrc -b rm.mean_r03+tlrc -c mask_epi_extents+tlrc -expr c * min(200, a/b*100)*step(a)*step(b) -prefix pb05.FAC005.r03.scale
++ 3dcalc: AFNI version=AFNI_2011_12_21_1014 (Jan 26 2015) [64-bit]
++ Authored by: A cast of thousands
++ Output dataset ./pb05.FAC005.r03.scale+tlrc.BRIK
end
3dTstat -prefix rm.mean_r04 pb04.FAC005.r04.blur+tlrc
++ 3dTstat: AFNI version=AFNI_2011_12_21_1014 (Jan 26 2015) [64-bit]
++ Authored by: KR Hammett & RW Cox
++ Output dataset ./rm.mean_r04+tlrc.BRIK
3dcalc -a pb04.FAC005.r04.blur+tlrc -b rm.mean_r04+tlrc -c mask_epi_extents+tlrc -expr c * min(200, a/b*100)*step(a)*step(b) -prefix pb05.FAC005.r04.scale
++ 3dcalc: AFNI version=AFNI_2011_12_21_1014 (Jan 26 2015) [64-bit]
++ Authored by: A cast of thousands
++ Output dataset ./pb05.FAC005.r04.scale+tlrc.BRIK
end
3dTstat -prefix rm.mean_r05 pb04.FAC005.r05.blur+tlrc
++ 3dTstat: AFNI version=AFNI_2011_12_21_1014 (Jan 26 2015) [64-bit]
++ Authored by: KR Hammett & RW Cox
++ Output dataset ./rm.mean_r05+tlrc.BRIK
3dcalc -a pb04.FAC005.r05.blur+tlrc -b rm.mean_r05+tlrc -c mask_epi_extents+tlrc -expr c * min(200, a/b*100)*step(a)*step(b) -prefix pb05.FAC005.r05.scale
++ 3dcalc: AFNI version=AFNI_2011_12_21_1014 (Jan 26 2015) [64-bit]
++ Authored by: A cast of thousands
++ Output dataset ./pb05.FAC005.r05.scale+tlrc.BRIK
end
3dTstat -prefix rm.mean_r06 pb04.FAC005.r06.blur+tlrc
++ 3dTstat: AFNI version=AFNI_2011_12_21_1014 (Jan 26 2015) [64-bit]
++ Authored by: KR Hammett & RW Cox
++ Output dataset ./rm.mean_r06+tlrc.BRIK
3dcalc -a pb04.FAC005.r06.blur+tlrc -b rm.mean_r06+tlrc -c mask_epi_extents+tlrc -expr c * min(200, a/b*100)*step(a)*step(b) -prefix pb05.FAC005.r06.scale
++ 3dcalc: AFNI version=AFNI_2011_12_21_1014 (Jan 26 2015) [64-bit]
++ Authored by: A cast of thousands
++ Output dataset ./pb05.FAC005.r06.scale+tlrc.BRIK
end
1d_tool.py -infile dfile_rall.1D -set_nruns 6 -demean -write motion_demean.1D
1d_tool.py -infile dfile_rall.1D -set_nruns 6 -derivative -demean -write motion_deriv.1D
1d_tool.py -infile dfile_rall.1D -set_nruns 6 -show_censor_count -censor_prev_TR -censor_motion 0.9 motion_FAC005
total number of censored TRs = 0
1deval -a motion_FAC005_censor.1D -b outcount_FAC005_censor.1D -expr a*b
3dDeconvolve -input pb05.FAC005.r01.scale+tlrc.HEAD pb05.FAC005.r02.scale+tlrc.HEAD pb05.FAC005.r03.scale+tlrc.HEAD pb05.FAC005.r04.scale+tlrc.HEAD pb05.FAC005.r05.scale+tlrc.HEAD pb05.FAC005.r06.scale+tlrc.HEAD -censor censor_FAC005_combined_2.1D -polort 1 -num_stimts 22 -stim_times 1 stimuli/timing_ON_ALTRUISMO.1D BLOCK(4,1) -stim_label 1 on_altru -stim_times 2 stimuli/timing_ON_AMIZADE.1D BLOCK(4,1) -stim_label 2 on_amiz -stim_times 3 stimuli/timing_ON_EGOISMO.1D BLOCK(4,1) -stim_label 3 on_egois -stim_times 4 stimuli/timing_ON_HONESTIDADE.1D BLOCK(4,1) -stim_label 4 on_hones -stim_times 5 stimuli/timing_ON_PRECONCEITO.1D BLOCK(4,1) -stim_label 5 on_prec -stim_times 6 stimuli/timing_ON_PRIVACIDADE.1D BLOCK(4,1) -stim_label 6 on_priv -stim_times 7 stimuli/timing_ON_SEXO.1D BLOCK(4,1) -stim_label 7 on_sexo -stim_times 8 stimuli/timing_ON_TRAICAO.1D BLOCK(4,1) -stim_label 8 on_trai -stim_times 9 stimuli/timing_OFF_ALTRUISMO.1D BLOCK(4,1) -stim_label 9 off_altru -stim_times 10 stimuli/timing_OFF_AMIZADE.1D BLOCK(4,1) -stim_label 10 off_amiz -stim_times 11 stimuli/timing_OFF_EGOISMO.1D BLOCK(4,1) -stim_label 11 off_egois -stim_times 12 stimuli/timing_OFF_HONESTIDADE.1D BLOCK(4,1) -stim_label 12 off_hones -stim_times 13 stimuli/timing_OFF_PRECONCEITO.1D BLOCK(4,1) -stim_label 13 off_prec -stim_times 14 stimuli/timing_OFF_PRIVACIDADE.1D BLOCK(4,1) -stim_label 14 off_priv -stim_times 15 stimuli/timing_OFF_SEXO.1D BLOCK(4,1) -stim_label 15 off_sexo -stim_times 16 stimuli/timing_OFF_TRAICAO.1D BLOCK(4,1) -stim_label 16 off_trai -stim_file 17 motion_demean.1D[0] -stim_base 17 -stim_label 17 roll -stim_file 18 motion_demean.1D[1] -stim_base 18 -stim_label 18 pitch -stim_file 19 motion_demean.1D[2] -stim_base 19 -stim_label 19 yaw -stim_file 20 motion_demean.1D[3] -stim_base 20 -stim_label 20 dS -stim_file 21 motion_demean.1D[4] -stim_base 21 -stim_label 21 dL -stim_file 22 motion_demean.1D[5] -stim_base 22 -stim_label 22 dP -gltsym SYM: +on_altru +on_amiz +on_egois +on_hones +on_prec +on_priv 
    +on_sexo +on_trai -off_altru -off_amiz -off_egois -off_hones -off_prec 
    -off_priv -off_sexo -off_trai -glt_label 1 ON_vs_OFF -jobs 6 -fout -tout -x1D X.xmat.1D -xjpeg X.jpg -x1D_uncensored X.nocensor.xmat.1D -fitts fitts.FAC005 -errts errts.FAC005 -bucket stats.FAC005
++ 3dDeconvolve: AFNI version=AFNI_2011_12_21_1014 (Jan 26 2015) [64-bit]
++ Authored by: B. Douglas Ward, et al.
++ current memory malloc-ated = 127,422 bytes (about 127 thousand [kilo])
++ loading dataset pb05.FAC005.r01.scale+tlrc.HEAD pb05.FAC005.r02.scale+tlrc.HEAD pb05.FAC005.r03.scale+tlrc.HEAD pb05.FAC005.r04.scale+tlrc.HEAD pb05.FAC005.r05.scale+tlrc.HEAD pb05.FAC005.r06.scale+tlrc.HEAD
++ current memory malloc-ated = 396,512,671 bytes (about 397 million [mega])
++ Auto-catenated input datasets treated as multiple imaging runs
++ Auto-catenated datasets start at:  0 53 106 159 212 265
++ STAT automask has 173423 voxels (out of 311296 = 55.7%)
++ Skipping check for initial transients
++ Input polort=1; Longest run=106.0 s; Recommended minimum polort=1 ++ OK ++
++ -stim_times using TR=2 s for stimulus timing conversion
++ -stim_times using TR=2 s for any -iresp output datasets
++  [you can alter the -iresp TR via the -TR_times option]
++ ** -stim_times NOTE ** guessing GLOBAL times if 1 time per line; LOCAL otherwise
++ ** GUESSED ** -stim_times 1 using LOCAL times
++ ** GUESSED ** -stim_times 2 using LOCAL times
++ ** GUESSED ** -stim_times 3 using LOCAL times
++ ** GUESSED ** -stim_times 4 using LOCAL times
++ ** GUESSED ** -stim_times 5 using LOCAL times
++ ** GUESSED ** -stim_times 6 using LOCAL times
++ ** GUESSED ** -stim_times 7 using LOCAL times
++ ** GUESSED ** -stim_times 8 using LOCAL times
++ ** GUESSED ** -stim_times 9 using LOCAL times
++ ** GUESSED ** -stim_times 10 using LOCAL times
++ ** GUESSED ** -stim_times 11 using LOCAL times
++ ** GUESSED ** -stim_times 12 using LOCAL times
++ ** GUESSED ** -stim_times 13 using LOCAL times
++ ** GUESSED ** -stim_times 14 using LOCAL times
++ ** GUESSED ** -stim_times 15 using LOCAL times
++ ** GUESSED ** -stim_times 16 using LOCAL times
------------------------------------------------------------
GLT matrix from 'SYM: +on_altru +on_amiz +on_egois +on_hones +on_prec +on_priv 
    +on_sexo +on_trai -off_altru -off_amiz -off_egois -off_hones -off_prec 
    -off_priv -off_sexo -off_trai':
   0   0   0   0   0   0   0   0   0   0   0   0   1   1   1   1   1   1   1   1  -1  -1  -1  -1  -1  -1  -1  -1   0   0   0   0   0   0 
 
++ Number of time points: 318 (before censor) ; 304 (after)
 + Number of parameters:  34 [18 baseline ; 16 signal]
++ total shared memory needed = 856,686,592 bytes (about 857 million [mega])
++ current memory malloc-ated = 396,867,965 bytes (about 397 million [mega])
++ mmap() memory allocated: 856,686,592 bytes (about 857 million [mega])
++ Memory required for output bricks = 856,686,592 bytes (about 857 million [mega])
++ Wrote matrix image to file X.jpg
++ Wrote matrix values to file X.xmat.1D
++ ========= Things you can do with the matrix file =========
++ (a) Linear regression with ARMA(1,1) modeling of serial correlation:

3dREMLfit -matrix X.xmat.1D \
 -input "pb05.FAC005.r01.scale+tlrc.HEAD pb05.FAC005.r02.scale+tlrc.HEAD pb05.FAC005.r03.scale+tlrc.HEAD pb05.FAC005.r04.scale+tlrc.HEAD pb05.FAC005.r05.scale+tlrc.HEAD pb05.FAC005.r06.scale+tlrc.HEAD" \
 -fout -tout -Rbuck stats.FAC005_REML -Rvar stats.FAC005_REMLvar \
 -Rfitts fitts.FAC005_REML -Rerrts errts.FAC005_REML -verb
 
++ N.B.: 3dREMLfit command above written to file stats.REML_cmd
++ (b) Visualization/analysis of the matrix via ExamineXmat.R
++ (c) Synthesis of sub-model datasets using 3dSynthesize
++ ==========================================================
++ Wrote matrix values to file X.nocensor.xmat.1D
++ ----- Signal+Baseline matrix condition [X] (304x34):  6.81308  ++ VERY GOOD ++
++ ----- Signal-only matrix condition [X] (304x16):  1.15105  ++ VERY GOOD ++
++ ----- Baseline-only matrix condition [X] (304x18):  6.26035  ++ VERY GOOD ++
++ ----- stim_base-only matrix condition [X] (304x6):  5.62307  ++ VERY GOOD ++
++ ----- polort-only matrix condition [X] (304x12):  1.06418  ++ VERY GOOD ++
++ +++++ Matrix inverse average error = 1.63049e-15  ++ VERY GOOD ++
++ Matrix setup time = 0.46 s
++ Voxels in dataset: 311296
++ Voxels per job:    51882
++ Job #1: processing voxels 51882 to 103763; elapsed time=6.437
++ Job #2: processing voxels 103764 to 155645; elapsed time=6.459
++ Job #3: processing voxels 155646 to 207527; elapsed time=6.483
++ Job #4: processing voxels 207528 to 259409; elapsed time=6.507
++ Job #5: processing voxels 259410 to 311295; elapsed time=6.527
++ Job #0: processing voxels 0 to 51881; elapsed time=6.536
++ voxel loop:0123456789.0123456789.0123456789.0123456789.0++ Job #1 finished; elapsed time=38.796
++ Job #3 finished; elapsed time=38.962
123++ Job #2 finished; elapsed time=40.711
4++ Job #5 finished; elapsed time=40.959
56789.
++ Job #0 waiting for children to finish; elapsed time=44.089
++ Job #4 finished; elapsed time=44.508
++ Job #0 now finishing up; elapsed time=44.531
++ Wrote bucket dataset into ./stats.FAC005+tlrc.BRIK
 + created 35 FDR curves in bucket header
++ Wrote 3D+time dataset into ./fitts.FAC005+tlrc.BRIK
++ Wrote 3D+time dataset into ./errts.FAC005+tlrc.BRIK
++ Program finished; elapsed time=104.980
if ( 0 != 0 ) then
1d_tool.py -show_cormat_warnings -infile X.xmat.1D
tee out.cormat_warn.txt
-- no warnings for correlation matrix (cut = 0.400) --
3dTcat -prefix all_runs.FAC005 pb05.FAC005.r01.scale+tlrc.HEAD pb05.FAC005.r02.scale+tlrc.HEAD pb05.FAC005.r03.scale+tlrc.HEAD pb05.FAC005.r04.scale+tlrc.HEAD pb05.FAC005.r05.scale+tlrc.HEAD pb05.FAC005.r06.scale+tlrc.HEAD
++ 3dTcat: AFNI version=AFNI_2011_12_21_1014 (Jan 26 2015) [64-bit]
3dTstat -mean -prefix rm.signal.all all_runs.FAC005+tlrc
++ 3dTstat: AFNI version=AFNI_2011_12_21_1014 (Jan 26 2015) [64-bit]
++ Authored by: KR Hammett & RW Cox
3dTstat -stdev -prefix rm.noise.all errts.FAC005+tlrc
++ 3dTstat: AFNI version=AFNI_2011_12_21_1014 (Jan 26 2015) [64-bit]
++ Authored by: KR Hammett & RW Cox
++ Output dataset ./rm.noise.all+tlrc.BRIK
3dcalc -a rm.signal.all+tlrc -b rm.noise.all+tlrc -c full_mask.FAC005+tlrc -expr c*a/b -prefix TSNR.FAC005
++ 3dcalc: AFNI version=AFNI_2011_12_21_1014 (Jan 26 2015) [64-bit]
++ Authored by: A cast of thousands
++ Output dataset ./TSNR.FAC005+tlrc.BRIK
3dTnorm -norm2 -prefix rm.errts.unit errts.FAC005+tlrc
++ 3dTnorm: AFNI version=AFNI_2011_12_21_1014 (Jan 26 2015) [64-bit]
++ Authored by: RW Cox
++ Output dataset ./rm.errts.unit+tlrc.BRIK
3dmaskave -quiet -mask full_mask.FAC005+tlrc rm.errts.unit+tlrc
++ 3dmaskave: AFNI version=AFNI_2011_12_21_1014 (Jan 26 2015) [64-bit]
+++ 69561 voxels survive the mask
3dTstat -sos -prefix - gmean.errts.unit.1D'
++ 3dTstat: AFNI version=AFNI_2011_12_21_1014 (Jan 26 2015) [64-bit]
++ Authored by: KR Hammett & RW Cox
*+ WARNING: Input dataset is not 3D+time; assuming TR=1.0
echo -- GCOR = `cat out.gcor.1D`
cat out.gcor.1D
-- GCOR =  0.193087
3dcalc -a rm.errts.unit+tlrc -b gmean.errts.unit.1D -expr a*b -prefix rm.DP
++ 3dcalc: AFNI version=AFNI_2011_12_21_1014 (Jan 26 2015) [64-bit]
++ Authored by: A cast of thousands
++ Output dataset ./rm.DP+tlrc.BRIK
3dTstat -sum -prefix corr_brain rm.DP+tlrc
++ 3dTstat: AFNI version=AFNI_2011_12_21_1014 (Jan 26 2015) [64-bit]
++ Authored by: KR Hammett & RW Cox
++ Output dataset ./corr_brain+tlrc.BRIK
1dcat X.nocensor.xmat.1D[12]
1dcat X.nocensor.xmat.1D[13]
1dcat X.nocensor.xmat.1D[14]
1dcat X.nocensor.xmat.1D[15]
1dcat X.nocensor.xmat.1D[16]
1dcat X.nocensor.xmat.1D[17]
1dcat X.nocensor.xmat.1D[18]
1dcat X.nocensor.xmat.1D[19]
1dcat X.nocensor.xmat.1D[20]
1dcat X.nocensor.xmat.1D[21]
1dcat X.nocensor.xmat.1D[22]
1dcat X.nocensor.xmat.1D[23]
1dcat X.nocensor.xmat.1D[24]
1dcat X.nocensor.xmat.1D[25]
1dcat X.nocensor.xmat.1D[26]
1dcat X.nocensor.xmat.1D[27]
set reg_cols = `1d_tool.py -infile X.nocensor.xmat.1D -show_indices_interest`
1d_tool.py -infile X.nocensor.xmat.1D -show_indices_interest
3dTstat -sum -prefix sum_ideal.1D X.nocensor.xmat.1D[12..27]
++ 3dTstat: AFNI version=AFNI_2011_12_21_1014 (Jan 26 2015) [64-bit]
++ Authored by: KR Hammett & RW Cox
*+ WARNING: Input dataset is not 3D+time; assuming TR=1.0
++ Output dataset ./sum_ideal.1D
1dcat X.nocensor.xmat.1D[12..27]
touch blur_est.FAC005.1D
touch blur.epits.1D
foreach run ( 01 02 03 04 05 06 )
set trs = `1d_tool.py -infile X.xmat.1D -show_trs_uncensored encoded   
                          -show_trs_run $run`
1d_tool.py -infile X.xmat.1D -show_trs_uncensored encoded -show_trs_run 01
if ( 0..10,12..23,26..52 ==  ) continue
3dFWHMx -detrend -mask full_mask.FAC005+tlrc all_runs.FAC005+tlrc[0..10,12..23,26..52]
++ 3dFWHMx: AFNI version=AFNI_2011_12_21_1014 (Jan 26 2015) [64-bit]
++ Authored by: The Bob
++ Number of voxels in mask = 69561
*+ WARNING: removed 812 voxels from mask because they are constant in time
++ detrending start: 5 baseline funcs, 50 time points
++ detrending done
end
set trs = `1d_tool.py -infile X.xmat.1D -show_trs_uncensored encoded   
                          -show_trs_run $run`
1d_tool.py -infile X.xmat.1D -show_trs_uncensored encoded -show_trs_run 02
if ( 53..67,70..105 ==  ) continue
3dFWHMx -detrend -mask full_mask.FAC005+tlrc all_runs.FAC005+tlrc[53..67,70..105]
++ 3dFWHMx: AFNI version=AFNI_2011_12_21_1014 (Jan 26 2015) [64-bit]
++ Authored by: The Bob
++ Number of voxels in mask = 69561
*+ WARNING: removed 812 voxels from mask because they are constant in time
++ detrending start: 5 baseline funcs, 51 time points
++ detrending done
end
set trs = `1d_tool.py -infile X.xmat.1D -show_trs_uncensored encoded   
                          -show_trs_run $run`
1d_tool.py -infile X.xmat.1D -show_trs_uncensored encoded -show_trs_run 03
if ( 106..118,120..154 ==  ) continue
3dFWHMx -detrend -mask full_mask.FAC005+tlrc all_runs.FAC005+tlrc[106..118,120..154]
++ 3dFWHMx: AFNI version=AFNI_2011_12_21_1014 (Jan 26 2015) [64-bit]
++ Authored by: The Bob
++ Number of voxels in mask = 69561
*+ WARNING: removed 812 voxels from mask because they are constant in time
++ detrending start: 5 baseline funcs, 48 time points
++ detrending done
end
set trs = `1d_tool.py -infile X.xmat.1D -show_trs_uncensored encoded   
                          -show_trs_run $run`
1d_tool.py -infile X.xmat.1D -show_trs_uncensored encoded -show_trs_run 04
if ( 159..211 ==  ) continue
3dFWHMx -detrend -mask full_mask.FAC005+tlrc all_runs.FAC005+tlrc[159..211]
++ 3dFWHMx: AFNI version=AFNI_2011_12_21_1014 (Jan 26 2015) [64-bit]
++ Authored by: The Bob
++ Number of voxels in mask = 69561
*+ WARNING: removed 812 voxels from mask because they are constant in time
++ detrending start: 5 baseline funcs, 53 time points
++ detrending done
end
set trs = `1d_tool.py -infile X.xmat.1D -show_trs_uncensored encoded   
                          -show_trs_run $run`
1d_tool.py -infile X.xmat.1D -show_trs_uncensored encoded -show_trs_run 05
if ( 212..260,263,264 ==  ) continue
3dFWHMx -detrend -mask full_mask.FAC005+tlrc all_runs.FAC005+tlrc[212..260,263,264]
++ 3dFWHMx: AFNI version=AFNI_2011_12_21_1014 (Jan 26 2015) [64-bit]
++ Authored by: The Bob
++ Number of voxels in mask = 69561
*+ WARNING: removed 812 voxels from mask because they are constant in time
++ detrending start: 5 baseline funcs, 51 time points
++ detrending done
end
set trs = `1d_tool.py -infile X.xmat.1D -show_trs_uncensored encoded   
                          -show_trs_run $run`
1d_tool.py -infile X.xmat.1D -show_trs_uncensored encoded -show_trs_run 06
if ( 265..308,311..317 ==  ) continue
3dFWHMx -detrend -mask full_mask.FAC005+tlrc all_runs.FAC005+tlrc[265..308,311..317]
++ 3dFWHMx: AFNI version=AFNI_2011_12_21_1014 (Jan 26 2015) [64-bit]
++ Authored by: The Bob
++ Number of voxels in mask = 69561
*+ WARNING: removed 812 voxels from mask because they are constant in time
++ detrending start: 5 baseline funcs, 51 time points
++ detrending done
end
set blurs = ( `3dTstat -mean -prefix - blur.epits.1D\'` )
3dTstat -mean -prefix - blur.epits.1D'
++ 3dTstat: AFNI version=AFNI_2011_12_21_1014 (Jan 26 2015) [64-bit]
++ Authored by: KR Hammett & RW Cox
*+ WARNING: Input dataset is not 3D+time; assuming TR=1.0
echo average epits blurs: 8.49938 8.85194 7.81156
average epits blurs: 8.49938 8.85194 7.81156
echo 8.49938 8.85194 7.81156   # epits blur estimates
touch blur.errts.1D
foreach run ( 01 02 03 04 05 06 )
set trs = `1d_tool.py -infile X.xmat.1D -show_trs_uncensored encoded   
                          -show_trs_run $run`
1d_tool.py -infile X.xmat.1D -show_trs_uncensored encoded -show_trs_run 01
if ( 0..10,12..23,26..52 ==  ) continue
3dFWHMx -detrend -mask full_mask.FAC005+tlrc errts.FAC005+tlrc[0..10,12..23,26..52]
++ 3dFWHMx: AFNI version=AFNI_2011_12_21_1014 (Jan 26 2015) [64-bit]
++ Authored by: The Bob
++ Number of voxels in mask = 69561
*+ WARNING: removed 812 voxels from mask because they are constant in time
++ detrending start: 5 baseline funcs, 50 time points
++ detrending done
end
set trs = `1d_tool.py -infile X.xmat.1D -show_trs_uncensored encoded   
                          -show_trs_run $run`
1d_tool.py -infile X.xmat.1D -show_trs_uncensored encoded -show_trs_run 02
if ( 53..67,70..105 ==  ) continue
3dFWHMx -detrend -mask full_mask.FAC005+tlrc errts.FAC005+tlrc[53..67,70..105]
++ 3dFWHMx: AFNI version=AFNI_2011_12_21_1014 (Jan 26 2015) [64-bit]
++ Authored by: The Bob
++ Number of voxels in mask = 69561
*+ WARNING: removed 812 voxels from mask because they are constant in time
++ detrending start: 5 baseline funcs, 51 time points
++ detrending done
end
set trs = `1d_tool.py -infile X.xmat.1D -show_trs_uncensored encoded   
                          -show_trs_run $run`
1d_tool.py -infile X.xmat.1D -show_trs_uncensored encoded -show_trs_run 03
if ( 106..118,120..154 ==  ) continue
3dFWHMx -detrend -mask full_mask.FAC005+tlrc errts.FAC005+tlrc[106..118,120..154]
++ 3dFWHMx: AFNI version=AFNI_2011_12_21_1014 (Jan 26 2015) [64-bit]
++ Authored by: The Bob
++ Number of voxels in mask = 69561
*+ WARNING: removed 812 voxels from mask because they are constant in time
++ detrending start: 5 baseline funcs, 48 time points
++ detrending done
end
set trs = `1d_tool.py -infile X.xmat.1D -show_trs_uncensored encoded   
                          -show_trs_run $run`
1d_tool.py -infile X.xmat.1D -show_trs_uncensored encoded -show_trs_run 04
if ( 159..211 ==  ) continue
3dFWHMx -detrend -mask full_mask.FAC005+tlrc errts.FAC005+tlrc[159..211]
++ 3dFWHMx: AFNI version=AFNI_2011_12_21_1014 (Jan 26 2015) [64-bit]
++ Authored by: The Bob
++ Number of voxels in mask = 69561
*+ WARNING: removed 812 voxels from mask because they are constant in time
++ detrending start: 5 baseline funcs, 53 time points
++ detrending done
end
set trs = `1d_tool.py -infile X.xmat.1D -show_trs_uncensored encoded   
                          -show_trs_run $run`
1d_tool.py -infile X.xmat.1D -show_trs_uncensored encoded -show_trs_run 05
if ( 212..260,263,264 ==  ) continue
3dFWHMx -detrend -mask full_mask.FAC005+tlrc errts.FAC005+tlrc[212..260,263,264]
++ 3dFWHMx: AFNI version=AFNI_2011_12_21_1014 (Jan 26 2015) [64-bit]
++ Authored by: The Bob
++ Number of voxels in mask = 69561
*+ WARNING: removed 812 voxels from mask because they are constant in time
++ detrending start: 5 baseline funcs, 51 time points
++ detrending done
end
set trs = `1d_tool.py -infile X.xmat.1D -show_trs_uncensored encoded   
                          -show_trs_run $run`
1d_tool.py -infile X.xmat.1D -show_trs_uncensored encoded -show_trs_run 06
if ( 265..308,311..317 ==  ) continue
3dFWHMx -detrend -mask full_mask.FAC005+tlrc errts.FAC005+tlrc[265..308,311..317]
++ 3dFWHMx: AFNI version=AFNI_2011_12_21_1014 (Jan 26 2015) [64-bit]
++ Authored by: The Bob
++ Number of voxels in mask = 69561
*+ WARNING: removed 812 voxels from mask because they are constant in time
++ detrending start: 5 baseline funcs, 51 time points
++ detrending done
end
set blurs = ( `3dTstat -mean -prefix - blur.errts.1D\'` )
3dTstat -mean -prefix - blur.errts.1D'
++ 3dTstat: AFNI version=AFNI_2011_12_21_1014 (Jan 26 2015) [64-bit]
++ Authored by: KR Hammett & RW Cox
*+ WARNING: Input dataset is not 3D+time; assuming TR=1.0
echo average errts blurs: 8.3754 8.7249 7.68183
average errts blurs: 8.3754 8.7249 7.68183
echo 8.3754 8.7249 7.68183   # errts blur estimates
set fxyz = ( `tail -1 blur_est.$subj.1D` )
tail -1 blur_est.FAC005.1D
3dClustSim -both -NN 123 -mask full_mask.FAC005+tlrc -fwhmxyz 8.3754 8.7249 7.68183 -prefix ClustSim
++ 3dClustSim: AFNI version=AFNI_2011_12_21_1014 (Jan 26 2015) [64-bit]
++ Authored by: RW Cox and BD Ward
++ 69561 voxels in mask (22.35% of total)
++ Using 8 OpenMP threads
Simulating:0123456789.0123456789.0123456789.0123456789.0123456789.
++ Command fragment to put cluster results into a dataset header;
 + Append the name of the datasets to be patched to this command:
 3drefit -atrstring AFNI_CLUSTSIM_NN1 file:ClustSim.NN1.niml -atrstring AFNI_CLUSTSIM_MASK file:ClustSim.mask -atrstring AFNI_CLUSTSIM_NN2 file:ClustSim.NN2.niml -atrstring AFNI_CLUSTSIM_NN3 file:ClustSim.NN3.niml 
3drefit -atrstring AFNI_CLUSTSIM_MASK file:ClustSim.mask -atrstring AFNI_CLUSTSIM_NN1 file:ClustSim.NN1.niml -atrstring AFNI_CLUSTSIM_NN2 file:ClustSim.NN2.niml -atrstring AFNI_CLUSTSIM_NN3 file:ClustSim.NN3.niml stats.FAC005+tlrc
++ 3drefit: AFNI version=AFNI_2011_12_21_1014 (Jan 26 2015) [64-bit]
++ Authored by: RW Cox
++ Processing AFNI dataset stats.FAC005+tlrc
++ applying attributes
++ 3drefit processed 1 datasets
gen_epi_review.py -script @epi_review.FAC005 -dsets pb00.FAC005.r01.tcat+orig.HEAD pb00.FAC005.r02.tcat+orig.HEAD pb00.FAC005.r03.tcat+orig.HEAD pb00.FAC005.r04.tcat+orig.HEAD pb00.FAC005.r05.tcat+orig.HEAD pb00.FAC005.r06.tcat+orig.HEAD
gen_ss_review_scripts.py -mot_limit 0.9 -out_limit 0.1 -exit0
++ writing ss review basic:          @ss_review_basic
++ writing ss review driver:         @ss_review_driver
++ writing ss review drive commands: @ss_review_driver_commands
rm -fr rm.DP+tlrc.BRIK rm.DP+tlrc.HEAD rm.epi.1.r01+tlrc.BRIK.gz rm.epi.1.r01+tlrc.HEAD rm.epi.1.r02+tlrc.BRIK.gz rm.epi.1.r02+tlrc.HEAD rm.epi.1.r03+tlrc.BRIK.gz rm.epi.1.r03+tlrc.HEAD rm.epi.1.r04+tlrc.BRIK.gz rm.epi.1.r04+tlrc.HEAD rm.epi.1.r05+tlrc.BRIK.gz rm.epi.1.r05+tlrc.HEAD rm.epi.1.r06+tlrc.BRIK.gz rm.epi.1.r06+tlrc.HEAD rm.epi.all1+orig.BRIK.gz rm.epi.all1+orig.HEAD rm.epi.mean+tlrc.BRIK.gz rm.epi.mean+tlrc.HEAD rm.epi.min.r01+tlrc.BRIK.gz rm.epi.min.r01+tlrc.HEAD rm.epi.min.r02+tlrc.BRIK.gz rm.epi.min.r02+tlrc.HEAD rm.epi.min.r03+tlrc.BRIK.gz rm.epi.min.r03+tlrc.HEAD rm.epi.min.r04+tlrc.BRIK.gz rm.epi.min.r04+tlrc.HEAD rm.epi.min.r05+tlrc.BRIK.gz rm.epi.min.r05+tlrc.HEAD rm.epi.min.r06+tlrc.BRIK.gz rm.epi.min.r06+tlrc.HEAD rm.epi.nomask.r01+tlrc.BRIK rm.epi.nomask.r01+tlrc.HEAD rm.epi.nomask.r02+tlrc.BRIK rm.epi.nomask.r02+tlrc.HEAD rm.epi.nomask.r03+tlrc.BRIK rm.epi.nomask.r03+tlrc.HEAD rm.epi.nomask.r04+tlrc.BRIK rm.epi.nomask.r04+tlrc.HEAD rm.epi.nomask.r05+tlrc.BRIK rm.epi.nomask.r05+tlrc.HEAD rm.epi.nomask.r06+tlrc.BRIK rm.epi.nomask.r06+tlrc.HEAD rm.epi.volreg.r01+orig.BRIK rm.epi.volreg.r01+orig.HEAD rm.epi.volreg.r02+orig.BRIK rm.epi.volreg.r02+orig.HEAD rm.epi.volreg.r03+orig.BRIK rm.epi.volreg.r03+orig.HEAD rm.epi.volreg.r04+orig.BRIK rm.epi.volreg.r04+orig.HEAD rm.epi.volreg.r05+orig.BRIK rm.epi.volreg.r05+orig.HEAD rm.epi.volreg.r06+orig.BRIK rm.epi.volreg.r06+orig.HEAD rm.errts.unit+tlrc.BRIK rm.errts.unit+tlrc.HEAD rm.mask_r01+tlrc.BRIK.gz rm.mask_r01+tlrc.HEAD rm.mask_r02+tlrc.BRIK.gz rm.mask_r02+tlrc.HEAD rm.mask_r03+tlrc.BRIK.gz rm.mask_r03+tlrc.HEAD rm.mask_r04+tlrc.BRIK.gz rm.mask_r04+tlrc.HEAD rm.mask_r05+tlrc.BRIK.gz rm.mask_r05+tlrc.HEAD rm.mask_r06+tlrc.BRIK.gz rm.mask_r06+tlrc.HEAD rm.mean_r01+tlrc.BRIK rm.mean_r01+tlrc.HEAD rm.mean_r02+tlrc.BRIK rm.mean_r02+tlrc.HEAD rm.mean_r03+tlrc.BRIK rm.mean_r03+tlrc.HEAD rm.mean_r04+tlrc.BRIK rm.mean_r04+tlrc.HEAD rm.mean_r05+tlrc.BRIK rm.mean_r05+tlrc.HEAD rm.mean_r06+tlrc.BRIK rm.mean_r06+tlrc.HEAD rm.noise.all+tlrc.BRIK rm.noise.all+tlrc.HEAD rm.out.cen.r01.1D rm.out.cen.r02.1D rm.out.cen.r03.1D rm.out.cen.r04.1D rm.out.cen.r05.1D rm.out.cen.r06.1D rm.resam.anat+tlrc.BRIK rm.resam.anat+tlrc.HEAD rm.resam.group+tlrc.BRIK rm.resam.group+tlrc.HEAD rm.signal.all+tlrc.BRIK.gz rm.signal.all+tlrc.HEAD awpy Segsy
if ( -e @ss_review_basic ) ./@ss_review_basic
tee out.ss_review.FAC005.txt
./@ss_review_basic

subject ID                : FAC005
TRs removed (per run)     : 3
num stim classes provided : 16
final anatomy dset        : anat_final.FAC005+tlrc.HEAD
final stats dset          : stats.FAC005+tlrc.HEAD
final voxel resolution    : 3.000000	3.000000	3.000000

motion limit              : 0.9
num TRs above mot limit   : 0
average motion (per TR)   : 0.0520088
average censored motion   : 0.0437803
max motion displacement   : 2.34718
max censored displacement : 2.27155
outlier limit             : 0.1
average outlier frac (TR) : 0.0158267
num TRs above out limit   : 14

num runs found            : 6
num TRs per run           : 53 53 53 53 53 53
num TRs per run (applied) : 50 51 48 53 51 51
num TRs per run (censored): 3 2 5 0 2 2
fraction censored per run : 0.0566038 0.0377358 0.0943396 0 0.0377358 0.0377358
TRs total (uncensored)    : 318
TRs total                 : 304
degrees of freedom used   : 34
degrees of freedom left   : 270

TRs censored              : 14
censor fraction           : 0.044025
num regs of interest      : 16
num TRs per stim (orig)   : 52 48 49 54 45 46 48 48 51 54 48 54 48 54 54 54
num TRs censored per stim : 4 1 6 5 4 1 3 1 4 0 2 2 0 2 0 0
fraction TRs censored     : 0.077 0.021 0.122 0.093 0.089 0.022 0.062 0.021 0.078 0.000 0.042 0.037 0.000 0.037 0.000 0.000
ave mot per sresp (orig)  : 0.063991 0.043709 0.066261 0.073457 0.063250 0.049348 0.066025 0.060958 0.055695 0.036030 0.054676 0.061589 0.036816 0.053970 0.030672 0.029548
ave mot per sresp (cens)  : 0.052329 0.035653 0.051835 0.050511 0.045404 0.044346 0.051258 0.051754 0.035860 0.036030 0.045023 0.052388 0.036816 0.044476 0.030672 0.029548

TSNR average              : 309.791
global correlation (GCOR) : 0.193087
anat/EPI mask correlation : 0.8178
maximum F-stat (masked)   : 31.5045
blur estimates            : 8.3754 8.7249 7.68183


cd ..
echo execution finished: `date`
date
execution finished: Wed Oct 21 00:16:48 BRST 2015
-- applying orig view as +orig
** warning: removing first 3 TRs from beginning of each run
   --> the stimulus timing files must reflect the removal of these TRs
-- tcat: reps is now 53
-- using non-linear template alignment
-- volreg: base/sub indices are 0, 0
++ volreg: warp and align to isotropic 3 mm tlrc voxels
-- masking: group anat = 'MNI152_T1_2009c+tlrc', exists = 1
++ updating polort to 1, from run len 106.0 s
-- will apply motion types: demean
-- will add 3dClustSim table to stats dset
-- using default: will not apply EPI Automask
   (see 'MASKING NOTE' from the -help for details)

--> script is file: proc.FAC005.ON_OFF.NL.tcsh
    consider the script execution command: 

      tcsh -xef proc.FAC005.ON_OFF.NL.tcsh |& tee output.proc.FAC005.ON_OFF.NL.tcsh

